INFO:root:2020-04-03 16:32:20    读取yml文件成功
INFO:root:2020-04-03 16:32:20    初始化参数完成
INFO:root:2020-04-03 16:44:06    读取yml文件成功
INFO:root:2020-04-03 16:44:06    打开PLC串口成功
INFO:root:2020-04-03 16:44:06    连接打标机成功
INFO:root:2020-04-03 16:46:19    读取yml文件成功
INFO:root:2020-04-03 16:46:19    打开PLC串口成功
INFO:root:2020-04-03 16:46:19    连接打标机成功
INFO:root:2020-04-03 16:46:19    初始化参数完成
INFO:root:2020-04-03 16:49:30    读取yml文件成功
INFO:root:2020-04-03 16:49:30    打开PLC串口成功
INFO:root:2020-04-03 16:49:30    连接打标机成功
INFO:root:2020-04-03 16:49:30    初始化参数完成
INFO:root:2020-04-03 16:49:51    读取yml文件成功
INFO:root:2020-04-03 16:49:51    打开PLC串口成功
INFO:root:2020-04-03 16:49:51    连接打标机成功
INFO:root:2020-04-03 16:49:51    初始化参数完成
INFO:root:2020-04-03 16:52:35    读取yml文件成功
INFO:root:2020-04-03 16:52:35    打开PLC串口成功
INFO:root:2020-04-03 16:52:35    连接打标机成功
INFO:root:2020-04-03 16:52:35    初始化参数完成
INFO:root:2020-04-03 16:57:30    读取yml文件成功
INFO:root:2020-04-03 16:57:30    打开PLC串口成功
INFO:root:2020-04-03 16:57:30    连接打标机成功
INFO:root:2020-04-03 16:57:30    初始化参数完成
INFO:root:2020-04-04 16:28:18    读取yml文件成功
INFO:root:2020-04-04 16:28:19    读取数据库成功
INFO:root:2020-04-04 16:34:07    读取yml文件成功
INFO:root:2020-04-04 16:34:07    读取数据库成功
INFO:root:2020-04-04 16:34:07    打开PLC串口成功
INFO:root:2020-04-04 16:34:07    连接打标机成功
INFO:root:2020-04-04 16:34:07    初始化参数完成
INFO:root:2020-04-04 19:43:15    读取yml文件成功
INFO:root:2020-04-04 19:43:15    读取数据库成功
INFO:root:2020-04-04 19:43:48    读取yml文件成功
INFO:root:2020-04-04 19:43:48    读取数据库成功
INFO:root:2020-04-04 19:43:48    打开PLC串口成功
INFO:root:2020-04-04 19:43:48    连接打标机成功
INFO:root:2020-04-04 19:43:48    初始化参数完成
INFO:root:2020-04-04 21:51:22    读取yml文件成功
INFO:root:2020-04-04 21:51:22    读取数据库成功
INFO:root:2020-04-04 21:51:22    打开PLC串口成功
INFO:root:2020-04-04 21:51:22    连接打标机成功
INFO:root:2020-04-04 21:53:20    读取yml文件成功
INFO:root:2020-04-04 21:53:20    读取数据库成功
INFO:root:2020-04-04 21:53:20    打开PLC串口成功
INFO:root:2020-04-04 21:53:20    连接打标机成功
INFO:root:2020-04-04 21:53:41    读取yml文件成功
INFO:root:2020-04-04 21:53:41    读取数据库成功
INFO:root:2020-04-04 21:55:01    读取yml文件成功
INFO:root:2020-04-04 21:55:01    读取数据库成功
INFO:root:2020-04-04 21:55:01    打开PLC串口成功
INFO:root:2020-04-04 21:55:01    连接打标机成功
INFO:root:2020-04-04 21:55:01    初始化参数完成
INFO:root:2020-04-04 21:57:15    读取yml文件成功
INFO:root:2020-04-04 21:57:15    读取数据库成功
INFO:root:2020-04-04 21:57:15    打开PLC串口成功
INFO:root:2020-04-04 21:57:15    连接打标机成功
INFO:root:2020-04-04 21:57:15    初始化参数完成
INFO:root:2020-04-04 21:59:47    读取yml文件成功
INFO:root:2020-04-04 21:59:47    读取数据库成功
INFO:root:2020-04-04 21:59:47    打开PLC串口成功
INFO:root:2020-04-04 21:59:47    连接打标机成功
INFO:root:2020-04-04 21:59:47    初始化参数完成
INFO:root:2020-04-04 22:07:02    读取yml文件成功
INFO:root:2020-04-04 22:07:02    读取数据库成功
INFO:root:2020-04-04 22:07:02    打开PLC串口成功
INFO:root:2020-04-04 22:07:02    连接打标机成功
INFO:root:2020-04-04 22:07:02    初始化参数完成
INFO:root:2020-04-04 22:07:34    读取yml文件成功
INFO:root:2020-04-04 22:07:34    读取数据库成功
INFO:root:2020-04-04 22:07:34    打开PLC串口成功
INFO:root:2020-04-04 22:07:34    连接打标机成功
INFO:root:2020-04-04 22:07:34    初始化参数完成
INFO:root:2020-04-04 22:07:35    [选中模板]:pattern1一汽
INFO:root:2020-04-04 22:12:46    读取yml文件成功
INFO:root:2020-04-04 22:12:46    读取数据库成功
INFO:root:2020-04-04 22:12:46    打开PLC串口成功
INFO:root:2020-04-04 22:12:46    连接打标机成功
INFO:root:2020-04-04 22:12:46    初始化参数完成
INFO:root:2020-04-04 22:12:48    [选中模板]:pattern1一汽
INFO:root:2020-04-04 22:17:25    读取yml文件成功
INFO:root:2020-04-04 22:17:25    读取数据库成功
INFO:root:2020-04-04 22:17:25    打开PLC串口成功
INFO:root:2020-04-04 22:17:25    连接打标机成功
INFO:root:2020-04-04 22:17:25    初始化参数完成
INFO:root:2020-04-04 22:17:32    [选中模板]:pattern1一汽
INFO:root:2020-04-04 22:39:31    读取yml文件成功
INFO:root:2020-04-04 22:39:31    读取数据库成功
INFO:root:2020-04-04 22:39:45    读取yml文件成功
INFO:root:2020-04-04 22:39:45    读取数据库成功
INFO:root:2020-04-04 22:39:45    打开PLC串口成功
INFO:root:2020-04-04 22:39:45    连接打标机成功
INFO:root:2020-04-04 22:39:45    初始化参数完成
INFO:root:2020-04-04 22:39:50    [选中模板]:pattern1一汽
INFO:root:2020-04-04 22:42:40    读取yml文件成功
INFO:root:2020-04-04 22:42:40    读取数据库成功
INFO:root:2020-04-04 22:42:40    打开PLC串口成功
INFO:root:2020-04-04 22:42:40    连接打标机成功
INFO:root:2020-04-04 22:42:40    初始化参数完成
INFO:root:2020-04-04 22:42:44    [选中模板]:pattern1一汽
INFO:root:2020-04-04 22:43:17    读取yml文件成功
INFO:root:2020-04-04 22:43:17    读取数据库成功
INFO:root:2020-04-04 22:43:17    打开PLC串口成功
INFO:root:2020-04-04 22:43:17    连接打标机成功
INFO:root:2020-04-04 22:43:17    初始化参数完成
INFO:root:2020-04-04 22:43:23    [选中模板]:pattern1一汽
INFO:root:2020-04-04 23:50:34    读取yml文件成功
INFO:root:2020-04-04 23:50:34    读取数据库成功
INFO:root:2020-04-04 23:50:41    读取yml文件成功
INFO:root:2020-04-04 23:50:41    读取数据库成功
INFO:root:2020-04-04 23:50:41    打开PLC串口成功
INFO:root:2020-04-04 23:50:41    连接打标机成功
INFO:root:2020-04-04 23:50:41    初始化参数完成
INFO:root:2020-04-04 23:50:45    [选中模板]:pattern1一汽
INFO:root:2020-04-04 23:52:49    读取yml文件成功
INFO:root:2020-04-04 23:52:49    读取数据库成功
INFO:root:2020-04-04 23:52:49    打开PLC串口成功
INFO:root:2020-04-04 23:52:49    连接打标机成功
INFO:root:2020-04-04 23:52:49    初始化参数完成
INFO:root:2020-04-04 23:52:56    [选中模板]:pattern1一汽
INFO:root:2020-04-05 00:02:50    读取yml文件成功
INFO:root:2020-04-05 00:02:50    读取数据库成功
INFO:root:2020-04-05 00:02:50    打开PLC串口成功
INFO:root:2020-04-05 00:02:50    连接打标机成功
INFO:root:2020-04-05 00:02:50    初始化参数完成
INFO:root:2020-04-05 00:04:15    读取yml文件成功
INFO:root:2020-04-05 00:04:15    读取数据库成功
INFO:root:2020-04-05 00:04:15    打开PLC串口成功
INFO:root:2020-04-05 00:04:15    连接打标机成功
INFO:root:2020-04-05 00:04:15    初始化参数完成
INFO:root:2020-04-05 00:04:20    [选中模板]:pattern1一汽
INFO:root:2020-04-05 00:07:06    读取yml文件成功
INFO:root:2020-04-05 00:07:06    读取数据库成功
INFO:root:2020-04-05 00:07:06    打开PLC串口成功
INFO:root:2020-04-05 00:07:06    连接打标机成功
INFO:root:2020-04-05 00:07:06    初始化参数完成
INFO:root:2020-04-05 00:07:43    读取yml文件成功
INFO:root:2020-04-05 00:07:43    读取数据库成功
INFO:root:2020-04-05 00:07:43    打开PLC串口成功
INFO:root:2020-04-05 00:07:43    连接打标机成功
INFO:root:2020-04-05 00:07:43    初始化参数完成
INFO:root:2020-04-05 00:09:26    读取yml文件成功
INFO:root:2020-04-05 00:09:26    读取数据库成功
INFO:root:2020-04-05 00:09:26    打开PLC串口成功
INFO:root:2020-04-05 00:09:26    连接打标机成功
INFO:root:2020-04-05 00:09:26    初始化参数完成
INFO:root:2020-04-05 00:13:52    读取yml文件成功
INFO:root:2020-04-05 00:13:52    读取数据库成功
INFO:root:2020-04-05 00:13:52    打开PLC串口成功
INFO:root:2020-04-05 00:13:52    连接打标机成功
INFO:root:2020-04-05 00:13:52    初始化参数完成
INFO:root:2020-04-05 00:13:55    [选中模板]:pattern1一汽
INFO:root:2020-04-05 00:17:24    读取yml文件成功
INFO:root:2020-04-05 00:17:24    读取数据库成功
INFO:root:2020-04-05 00:17:24    打开PLC串口成功
INFO:root:2020-04-05 00:17:24    连接打标机成功
INFO:root:2020-04-05 00:17:24    初始化参数完成
INFO:root:2020-04-05 00:19:22    读取yml文件成功
INFO:root:2020-04-05 00:19:22    读取数据库成功
INFO:root:2020-04-05 00:19:22    打开PLC串口成功
INFO:root:2020-04-05 00:19:22    连接打标机成功
INFO:root:2020-04-05 00:19:22    初始化参数完成
INFO:root:2020-04-05 00:19:24    [选中模板]:pattern1一汽
INFO:root:2020-04-05 00:20:47    读取yml文件成功
INFO:root:2020-04-05 00:20:47    读取数据库成功
INFO:root:2020-04-05 00:20:47    打开PLC串口成功
INFO:root:2020-04-05 00:20:47    连接打标机成功
INFO:root:2020-04-05 00:20:47    初始化参数完成
INFO:root:2020-04-05 00:20:53    [选中模板]:pattern1一汽
INFO:root:2020-04-05 00:27:33    读取yml文件成功
INFO:root:2020-04-05 00:27:33    读取数据库成功
INFO:root:2020-04-05 00:27:33    打开PLC串口成功
INFO:root:2020-04-05 00:27:33    连接打标机成功
INFO:root:2020-04-05 00:27:33    初始化参数完成
INFO:root:2020-04-05 00:27:36    [选中模板]:pattern1一汽
INFO:root:2020-04-05 00:28:31    读取yml文件成功
INFO:root:2020-04-05 00:28:31    读取数据库成功
INFO:root:2020-04-05 00:28:31    打开PLC串口成功
INFO:root:2020-04-05 00:28:31    连接打标机成功
INFO:root:2020-04-05 00:28:31    初始化参数完成
INFO:root:2020-04-05 00:28:33    [选中模板]:pattern1一汽
INFO:root:2020-04-05 00:30:48    读取yml文件成功
INFO:root:2020-04-05 00:30:48    读取数据库成功
INFO:root:2020-04-05 00:30:48    打开PLC串口成功
INFO:root:2020-04-05 00:30:48    连接打标机成功
INFO:root:2020-04-05 00:30:48    初始化参数完成
INFO:root:2020-04-05 00:30:51    [选中模板]:pattern1一汽
INFO:root:2020-04-05 00:32:23    读取yml文件成功
INFO:root:2020-04-05 00:32:23    读取数据库成功
INFO:root:2020-04-05 00:32:23    打开PLC串口成功
INFO:root:2020-04-05 00:32:23    连接打标机成功
INFO:root:2020-04-05 00:32:23    初始化参数完成
INFO:root:2020-04-05 00:35:20    读取yml文件成功
INFO:root:2020-04-05 00:35:20    读取数据库成功
INFO:root:2020-04-05 00:35:20    打开PLC串口成功
INFO:root:2020-04-05 00:35:20    连接打标机成功
INFO:root:2020-04-05 00:35:20    初始化参数完成
INFO:root:2020-04-05 00:35:22    [选中模板]:pattern1一汽
INFO:root:2020-04-05 00:35:46    读取yml文件成功
INFO:root:2020-04-05 00:35:46    读取数据库成功
INFO:root:2020-04-05 00:35:46    打开PLC串口成功
INFO:root:2020-04-05 00:35:46    连接打标机成功
INFO:root:2020-04-05 00:35:46    初始化参数完成
INFO:root:2020-04-05 00:35:48    [选中模板]:pattern1一汽
INFO:root:2020-04-05 00:36:36    读取yml文件成功
INFO:root:2020-04-05 00:36:36    读取数据库成功
INFO:root:2020-04-05 00:36:36    打开PLC串口成功
INFO:root:2020-04-05 00:36:36    连接打标机成功
INFO:root:2020-04-05 00:36:36    初始化参数完成
INFO:root:2020-04-05 00:36:43    [选中模板]:pattern1一汽
INFO:root:2020-04-05 00:40:26    读取yml文件成功
INFO:root:2020-04-05 00:40:26    读取数据库成功
INFO:root:2020-04-05 00:40:26    打开PLC串口成功
INFO:root:2020-04-05 00:40:26    连接打标机成功
INFO:root:2020-04-05 00:40:26    初始化参数完成
INFO:root:2020-04-05 00:40:31    [选中模板]:pattern1一汽
INFO:root:2020-04-05 00:42:19    读取yml文件成功
INFO:root:2020-04-05 00:42:19    读取数据库成功
INFO:root:2020-04-05 00:42:19    打开PLC串口成功
INFO:root:2020-04-05 00:42:19    连接打标机成功
INFO:root:2020-04-05 00:42:19    初始化参数完成
INFO:root:2020-04-05 00:44:09    读取yml文件成功
INFO:root:2020-04-05 00:44:09    读取数据库成功
INFO:root:2020-04-05 00:44:15    读取yml文件成功
INFO:root:2020-04-05 00:44:15    读取数据库成功
INFO:root:2020-04-05 00:44:15    打开PLC串口成功
INFO:root:2020-04-05 00:44:15    连接打标机成功
INFO:root:2020-04-05 00:44:15    初始化参数完成
INFO:root:2020-04-05 00:44:18    [选中模板]:pattern1一汽
INFO:root:2020-04-05 00:46:33    读取yml文件成功
INFO:root:2020-04-05 00:46:33    读取数据库成功
INFO:root:2020-04-05 00:46:40    读取yml文件成功
INFO:root:2020-04-05 00:46:40    读取数据库成功
INFO:root:2020-04-05 00:46:40    打开PLC串口成功
INFO:root:2020-04-05 00:46:40    连接打标机成功
INFO:root:2020-04-05 00:46:40    初始化参数完成
INFO:root:2020-04-05 00:46:42    [选中模板]:pattern1一汽
INFO:root:2020-04-05 00:48:00    读取yml文件成功
INFO:root:2020-04-05 00:48:00    读取数据库成功
INFO:root:2020-04-05 00:48:08    读取yml文件成功
INFO:root:2020-04-05 00:48:08    读取数据库成功
INFO:root:2020-04-05 00:48:08    打开PLC串口成功
INFO:root:2020-04-05 00:48:08    连接打标机成功
INFO:root:2020-04-05 00:48:08    初始化参数完成
INFO:root:2020-04-05 00:48:09    [选中模板]:pattern1一汽
INFO:root:2020-04-05 00:54:23    读取yml文件成功
INFO:root:2020-04-05 00:54:23    读取数据库成功
INFO:root:2020-04-05 00:54:23    打开PLC串口成功
INFO:root:2020-04-05 00:54:23    连接打标机成功
INFO:root:2020-04-05 00:54:23    初始化参数完成
INFO:root:2020-04-05 00:54:24    [选中模板]:pattern1一汽
INFO:root:2020-04-05 00:58:15    读取yml文件成功
INFO:root:2020-04-05 00:58:15    读取数据库成功
INFO:root:2020-04-05 00:58:15    打开PLC串口成功
INFO:root:2020-04-05 00:58:15    连接打标机成功
INFO:root:2020-04-05 00:58:15    初始化参数完成
INFO:root:2020-04-05 00:58:17    [选中模板]:pattern1一汽
INFO:root:2020-04-05 00:59:02    读取yml文件成功
INFO:root:2020-04-05 00:59:02    读取数据库成功
INFO:root:2020-04-05 00:59:02    打开PLC串口成功
INFO:root:2020-04-05 00:59:02    连接打标机成功
INFO:root:2020-04-05 00:59:02    初始化参数完成
INFO:root:2020-04-05 00:59:04    [选中模板]:pattern1一汽
INFO:root:2020-04-05 01:03:47    读取yml文件成功
INFO:root:2020-04-05 01:03:47    读取数据库成功
INFO:root:2020-04-05 01:03:47    打开PLC串口成功
INFO:root:2020-04-05 01:03:47    连接打标机成功
INFO:root:2020-04-05 01:03:47    初始化参数完成
INFO:root:2020-04-05 01:03:57    [选中模板]:pattern1一汽
INFO:root:2020-04-05 01:07:14    读取yml文件成功
INFO:root:2020-04-05 01:07:14    读取数据库成功
INFO:root:2020-04-05 01:07:14    打开PLC串口成功
INFO:root:2020-04-05 01:07:14    连接打标机成功
INFO:root:2020-04-05 01:07:14    初始化参数完成
INFO:root:2020-04-05 01:07:43    [选中模板]:pattern1一汽
INFO:root:2020-04-05 01:10:00    读取yml文件成功
INFO:root:2020-04-05 01:10:00    读取数据库成功
INFO:root:2020-04-05 01:10:00    打开PLC串口成功
INFO:root:2020-04-05 01:10:00    连接打标机成功
INFO:root:2020-04-05 01:10:00    初始化参数完成
INFO:root:2020-04-05 01:10:04    [选中模板]:pattern1一汽
INFO:root:2020-04-05 01:12:29    读取yml文件成功
INFO:root:2020-04-05 01:12:29    读取数据库成功
INFO:root:2020-04-05 01:12:29    打开PLC串口成功
INFO:root:2020-04-05 01:12:29    连接打标机成功
INFO:root:2020-04-05 01:12:29    初始化参数完成
INFO:root:2020-04-05 01:12:37    [选中模板]:pattern1一汽
INFO:root:2020-04-05 01:21:03    读取yml文件成功
INFO:root:2020-04-05 01:21:03    读取数据库成功
INFO:root:2020-04-05 01:21:03    打开PLC串口成功
INFO:root:2020-04-05 01:21:03    连接打标机成功
INFO:root:2020-04-05 01:21:03    初始化参数完成
INFO:root:2020-04-05 01:21:05    [选中模板]:pattern1一汽
INFO:root:2020-04-05 01:21:43    读取yml文件成功
INFO:root:2020-04-05 01:21:43    读取数据库成功
INFO:root:2020-04-05 01:21:43    打开PLC串口成功
INFO:root:2020-04-05 01:21:43    连接打标机成功
INFO:root:2020-04-05 01:21:43    初始化参数完成
INFO:root:2020-04-05 01:21:46    [选中模板]:pattern1一汽
INFO:root:2020-04-05 01:27:14    读取yml文件成功
INFO:root:2020-04-05 01:27:14    读取数据库成功
INFO:root:2020-04-05 01:27:20    读取yml文件成功
INFO:root:2020-04-05 01:27:20    读取数据库成功
INFO:root:2020-04-05 01:27:20    打开PLC串口成功
INFO:root:2020-04-05 01:27:20    连接打标机成功
INFO:root:2020-04-05 01:27:20    初始化参数完成
INFO:root:2020-04-05 01:27:28    [选中模板]:pattern1一汽
INFO:root:2020-04-05 01:38:34    读取yml文件成功
INFO:root:2020-04-05 01:38:34    读取数据库成功
INFO:root:2020-04-05 01:38:38    读取yml文件成功
INFO:root:2020-04-05 01:38:38    读取数据库成功
INFO:root:2020-04-05 01:38:38    打开PLC串口成功
INFO:root:2020-04-05 01:38:38    连接打标机成功
INFO:root:2020-04-05 01:38:38    初始化参数完成
INFO:root:2020-04-05 01:38:40    [选中模板]:pattern1一汽
INFO:root:2020-04-05 01:41:42    读取yml文件成功
INFO:root:2020-04-05 01:41:42    读取数据库成功
INFO:root:2020-04-05 01:41:42    打开PLC串口成功
INFO:root:2020-04-05 01:41:42    连接打标机成功
INFO:root:2020-04-05 01:41:42    初始化参数完成
INFO:root:2020-04-05 01:41:48    [选中模板]:pattern1一汽
INFO:root:2020-04-05 01:42:56    读取yml文件成功
INFO:root:2020-04-05 01:42:56    读取数据库成功
INFO:root:2020-04-05 01:42:56    打开PLC串口成功
INFO:root:2020-04-05 01:42:56    连接打标机成功
INFO:root:2020-04-05 01:42:56    初始化参数完成
INFO:root:2020-04-05 01:43:01    [选中模板]:pattern1一汽
INFO:root:2020-04-05 11:09:20    读取yml文件成功
INFO:root:2020-04-05 11:09:20    读取数据库成功
INFO:root:2020-04-05 11:09:20    打开PLC串口成功
INFO:root:2020-04-05 11:09:20    连接打标机成功
INFO:root:2020-04-05 11:09:38    读取yml文件成功
INFO:root:2020-04-05 11:09:38    读取数据库成功
INFO:root:2020-04-05 11:09:49    读取yml文件成功
INFO:root:2020-04-05 11:09:49    读取数据库成功
INFO:root:2020-04-05 11:09:49    打开PLC串口成功
INFO:root:2020-04-05 11:09:49    连接打标机成功
INFO:root:2020-04-05 11:09:49    初始化参数完成
INFO:root:2020-04-05 11:13:44    读取yml文件成功
INFO:root:2020-04-05 11:13:44    读取数据库成功
INFO:root:2020-04-05 11:13:48    读取yml文件成功
INFO:root:2020-04-05 11:13:48    读取数据库成功
INFO:root:2020-04-05 11:13:48    打开PLC串口成功
INFO:root:2020-04-05 11:13:48    连接打标机成功
INFO:root:2020-04-05 11:13:48    初始化参数完成
INFO:root:2020-04-05 12:14:51    读取yml文件成功
INFO:root:2020-04-05 12:14:51    读取数据库成功
INFO:root:2020-04-05 12:14:51    打开PLC串口成功
INFO:root:2020-04-05 12:14:51    连接打标机成功
INFO:root:2020-04-05 12:16:17    读取yml文件成功
INFO:root:2020-04-05 12:16:17    读取数据库成功
INFO:root:2020-04-05 12:16:25    读取yml文件成功
INFO:root:2020-04-05 12:16:25    读取数据库成功
INFO:root:2020-04-05 12:16:25    打开PLC串口成功
INFO:root:2020-04-05 12:16:25    连接打标机成功
INFO:root:2020-04-05 12:18:05    读取yml文件成功
INFO:root:2020-04-05 12:18:05    读取数据库成功
INFO:root:2020-04-05 12:18:18    读取yml文件成功
INFO:root:2020-04-05 12:18:18    读取数据库成功
INFO:root:2020-04-05 12:18:18    打开PLC串口成功
INFO:root:2020-04-05 12:18:18    连接打标机成功
INFO:root:2020-04-05 12:18:38    读取yml文件成功
INFO:root:2020-04-05 12:18:38    读取数据库成功
INFO:root:2020-04-05 12:18:43    读取yml文件成功
INFO:root:2020-04-05 12:18:43    读取数据库成功
INFO:root:2020-04-05 12:18:43    打开PLC串口成功
INFO:root:2020-04-05 12:18:43    连接打标机成功
INFO:root:2020-04-05 12:18:43    初始化参数完成
INFO:root:2020-04-05 12:38:52    读取yml文件成功
INFO:root:2020-04-05 12:38:52    读取数据库成功
INFO:root:2020-04-05 12:38:52    打开PLC串口成功
INFO:root:2020-04-05 12:38:52    连接打标机成功
INFO:root:2020-04-05 12:38:52    初始化参数完成
INFO:root:2020-04-05 13:02:24    读取yml文件成功
INFO:root:2020-04-05 13:02:24    读取数据库成功
INFO:root:2020-04-05 13:02:24    打开PLC串口成功
INFO:root:2020-04-05 13:02:24    连接打标机成功
INFO:root:2020-04-05 13:02:24    初始化参数完成
INFO:root:2020-04-05 13:06:48    读取yml文件成功
INFO:root:2020-04-05 13:06:48    读取数据库成功
INFO:root:2020-04-05 13:06:48    打开PLC串口成功
INFO:root:2020-04-05 13:06:48    连接打标机成功
INFO:root:2020-04-05 13:06:48    初始化参数完成
INFO:root:2020-04-06 23:26:09    读取yml文件成功
INFO:root:2020-04-06 23:26:09    读取数据库成功
INFO:root:2020-04-06 23:26:09    打开PLC串口成功
INFO:root:2020-04-06 23:27:20    读取yml文件成功
INFO:root:2020-04-06 23:27:20    读取数据库成功
INFO:root:2020-04-06 23:27:20    打开PLC串口成功
INFO:root:2020-04-06 23:27:20    连接打标机成功
INFO:root:2020-04-06 23:27:21    初始化参数完成
INFO:root:2020-04-07 00:10:40    读取yml文件成功
INFO:root:2020-04-07 00:10:40    读取数据库成功
INFO:root:2020-04-07 00:10:40    打开PLC串口成功
INFO:root:2020-04-07 00:10:44    连接打标机成功
INFO:root:2020-04-07 00:10:44    初始化参数完成
INFO:root:2020-04-07 00:29:37    读取yml文件成功
INFO:root:2020-04-07 00:29:37    读取数据库成功
INFO:root:2020-04-07 00:29:37    打开PLC串口成功
INFO:root:2020-04-07 00:29:39    连接打标机成功
INFO:root:2020-04-07 00:29:39    初始化参数完成
INFO:root:2020-04-07 00:31:26    读取yml文件成功
INFO:root:2020-04-07 00:31:26    读取数据库成功
INFO:root:2020-04-07 00:31:26    打开PLC串口成功
INFO:root:2020-04-07 00:31:29    连接打标机成功
INFO:root:2020-04-07 00:31:29    初始化参数完成
INFO:root:2020-04-07 00:32:08    读取yml文件成功
INFO:root:2020-04-07 00:32:08    读取数据库成功
INFO:root:2020-04-07 00:32:20    读取yml文件成功
INFO:root:2020-04-07 00:32:20    读取数据库成功
INFO:root:2020-04-07 00:32:20    打开PLC串口成功
INFO:root:2020-04-07 00:32:22    连接打标机成功
INFO:root:2020-04-07 00:32:22    初始化参数完成
INFO:root:2020-04-07 00:35:44    读取yml文件成功
INFO:root:2020-04-07 00:35:44    读取数据库成功
INFO:root:2020-04-07 00:35:44    打开PLC串口成功
INFO:root:2020-04-07 00:35:46    连接打标机成功
INFO:root:2020-04-07 00:35:46    初始化参数完成
INFO:root:2020-04-07 00:36:30    读取yml文件成功
INFO:root:2020-04-07 00:36:30    读取数据库成功
INFO:root:2020-04-07 00:36:30    打开PLC串口成功
INFO:root:2020-04-07 00:36:32    连接打标机成功
INFO:root:2020-04-07 00:36:32    初始化参数完成
INFO:root:2020-04-07 09:28:13    读取yml文件成功
INFO:root:2020-04-07 09:28:13    读取数据库成功
INFO:root:2020-04-07 09:28:13    打开PLC串口成功
INFO:root:2020-04-07 09:30:59    读取yml文件成功
INFO:root:2020-04-07 09:30:59    读取数据库成功
INFO:root:2020-04-07 09:30:59    打开PLC串口成功
INFO:root:2020-04-07 09:30:59    连接打标机失败

INFO:root:2020-04-07 09:32:53    读取yml文件成功
INFO:root:2020-04-07 09:32:53    读取数据库成功
INFO:root:2020-04-07 09:32:53    打开PLC串口成功
INFO:root:2020-04-07 09:32:53    连接打标机失败

INFO:root:2020-04-07 09:33:54    读取yml文件成功
INFO:root:2020-04-07 09:33:54    读取数据库成功
INFO:root:2020-04-07 09:33:54    打开PLC串口成功
INFO:root:2020-04-07 09:33:54    连接打标机失败

INFO:root:2020-04-07 09:36:29    读取yml文件成功
INFO:root:2020-04-07 09:36:29    读取数据库成功
INFO:root:2020-04-07 09:36:29    打开PLC串口成功
INFO:root:2020-04-07 09:36:33    连接打标机成功
INFO:root:2020-04-07 09:36:33    初始化参数完成
INFO:root:2020-04-07 09:37:15    读取yml文件成功
INFO:root:2020-04-07 09:37:15    读取数据库成功
INFO:root:2020-04-07 09:37:15    打开PLC串口成功
INFO:root:2020-04-07 09:37:18    连接打标机成功
INFO:root:2020-04-07 09:37:18    初始化参数完成
INFO:root:2020-04-07 09:37:57    读取yml文件成功
INFO:root:2020-04-07 09:37:57    读取数据库成功
INFO:root:2020-04-07 09:37:57    打开PLC串口成功
INFO:root:2020-04-07 09:38:00    连接打标机成功
INFO:root:2020-04-07 10:06:50    读取yml文件成功
INFO:root:2020-04-07 10:06:50    读取数据库成功
INFO:root:2020-04-07 10:06:50    打开PLC串口成功
INFO:root:2020-04-07 10:06:54    连接打标机成功
INFO:root:2020-04-07 10:06:54    初始化参数完成
INFO:root:2020-04-07 10:17:52    读取yml文件成功
INFO:root:2020-04-07 10:17:52    读取数据库成功
INFO:root:2020-04-07 10:17:52    打开PLC串口成功
INFO:root:2020-04-07 10:17:54    连接打标机成功
INFO:root:2020-04-07 10:17:54    初始化参数完成
INFO:root:2020-04-07 10:18:38    读取yml文件成功
INFO:root:2020-04-07 10:18:38    读取数据库成功
INFO:root:2020-04-07 10:18:38    打开PLC串口成功
INFO:root:2020-04-07 10:18:41    连接打标机成功
INFO:root:2020-04-07 10:18:41    初始化参数完成
INFO:root:2020-04-07 10:21:21    读取yml文件成功
INFO:root:2020-04-07 10:21:21    读取数据库成功
INFO:root:2020-04-07 10:21:21    打开PLC串口成功
INFO:root:2020-04-07 10:21:26    连接打标机成功
INFO:root:2020-04-07 10:21:26    初始化参数完成
INFO:root:2020-04-07 10:21:49    读取yml文件成功
INFO:root:2020-04-07 10:21:49    读取数据库成功
INFO:root:2020-04-07 10:21:49    打开PLC串口成功
INFO:root:2020-04-07 10:21:52    连接打标机成功
INFO:root:2020-04-07 10:21:52    初始化参数完成
INFO:root:2020-04-07 10:22:15    读取yml文件成功
INFO:root:2020-04-07 10:22:15    读取数据库成功
INFO:root:2020-04-07 10:22:15    打开PLC串口成功
INFO:root:2020-04-07 10:22:18    连接打标机成功
INFO:root:2020-04-07 10:22:18    初始化参数完成
INFO:root:2020-04-07 10:22:39    读取yml文件成功
INFO:root:2020-04-07 10:22:39    读取数据库成功
INFO:root:2020-04-07 10:22:39    打开PLC串口成功
INFO:root:2020-04-07 10:22:39    连接打标机成功
INFO:root:2020-04-07 10:22:39    初始化参数完成
INFO:root:2020-04-07 10:22:57    读取yml文件成功
INFO:root:2020-04-07 10:22:57    读取数据库成功
INFO:root:2020-04-07 10:22:57    打开PLC串口成功
INFO:root:2020-04-07 10:22:58    连接打标机成功
INFO:root:2020-04-07 10:22:58    初始化参数完成
INFO:root:2020-04-07 10:25:07    读取yml文件成功
INFO:root:2020-04-07 10:25:07    读取数据库成功
INFO:root:2020-04-07 10:25:07    打开PLC串口成功
INFO:root:2020-04-07 10:25:10    连接打标机成功
INFO:root:2020-04-07 10:25:10    初始化参数完成
INFO:root:2020-04-07 10:28:34    读取yml文件成功
INFO:root:2020-04-07 10:28:34    读取数据库成功
INFO:root:2020-04-07 10:28:34    打开PLC串口成功
INFO:root:2020-04-07 10:28:36    连接打标机成功
INFO:root:2020-04-07 10:28:36    初始化参数完成
INFO:root:2020-04-07 10:31:18    读取yml文件成功
INFO:root:2020-04-07 10:31:18    读取数据库成功
INFO:root:2020-04-07 10:31:18    打开PLC串口成功
INFO:root:2020-04-07 10:31:23    连接打标机成功
INFO:root:2020-04-07 10:31:23    初始化参数完成
INFO:root:2020-04-07 10:31:44    读取yml文件成功
INFO:root:2020-04-07 10:31:44    读取数据库成功
INFO:root:2020-04-07 10:31:44    打开PLC串口成功
INFO:root:2020-04-07 10:31:46    连接打标机成功
INFO:root:2020-04-07 10:31:46    初始化参数完成
INFO:root:2020-04-07 10:31:55    读取yml文件成功
INFO:root:2020-04-07 10:31:55    读取数据库成功
INFO:root:2020-04-07 10:31:55    打开PLC串口失败

INFO:root:2020-04-07 10:32:05    读取yml文件成功
INFO:root:2020-04-07 10:32:05    读取数据库成功
INFO:root:2020-04-07 10:32:05    打开PLC串口成功
INFO:root:2020-04-07 10:32:06    连接打标机成功
INFO:root:2020-04-07 10:32:06    初始化参数完成
INFO:root:2020-04-07 10:32:34    读取yml文件成功
INFO:root:2020-04-07 10:32:34    读取数据库成功
INFO:root:2020-04-07 10:32:34    打开PLC串口成功
INFO:root:2020-04-07 10:32:37    连接打标机成功
INFO:root:2020-04-07 10:32:37    初始化参数完成
INFO:root:2020-04-07 10:32:46    读取yml文件成功
INFO:root:2020-04-07 10:32:46    读取数据库成功
INFO:root:2020-04-07 10:32:46    打开PLC串口失败

INFO:root:2020-04-07 10:32:51    读取yml文件成功
INFO:root:2020-04-07 10:32:51    读取数据库成功
INFO:root:2020-04-07 10:32:51    打开PLC串口成功
INFO:root:2020-04-07 10:32:54    连接打标机成功
INFO:root:2020-04-07 10:32:54    初始化参数完成
INFO:root:2020-04-07 10:33:10    读取yml文件成功
INFO:root:2020-04-07 10:33:10    读取数据库成功
INFO:root:2020-04-07 10:33:10    打开PLC串口成功
INFO:root:2020-04-07 10:33:13    连接打标机成功
INFO:root:2020-04-07 10:33:13    初始化参数完成
INFO:root:2020-04-07 10:33:27    读取yml文件成功
INFO:root:2020-04-07 10:33:27    读取数据库成功
INFO:root:2020-04-07 10:33:27    打开PLC串口成功
INFO:root:2020-04-07 10:33:29    连接打标机成功
INFO:root:2020-04-07 10:33:29    初始化参数完成
INFO:root:2020-04-07 10:34:43    读取yml文件成功
INFO:root:2020-04-07 10:34:43    读取数据库成功
INFO:root:2020-04-07 10:34:43    打开PLC串口成功
INFO:root:2020-04-07 10:34:44    连接打标机成功
INFO:root:2020-04-07 10:34:44    初始化参数完成
INFO:root:2020-04-07 10:38:26    读取yml文件成功
INFO:root:2020-04-07 10:38:26    读取数据库成功
INFO:root:2020-04-07 10:38:26    打开PLC串口成功
INFO:root:2020-04-07 10:38:30    连接打标机成功
INFO:root:2020-04-07 10:44:05    读取yml文件成功
INFO:root:2020-04-07 10:44:05    读取数据库成功
INFO:root:2020-04-07 10:44:05    打开PLC串口成功
INFO:root:2020-04-07 10:44:07    连接打标机成功
INFO:root:2020-04-07 10:44:07    初始化参数完成
INFO:root:2020-04-07 10:48:19    读取yml文件成功
INFO:root:2020-04-07 10:48:19    读取数据库成功
INFO:root:2020-04-07 10:48:19    打开PLC串口成功
INFO:root:2020-04-07 10:48:23    连接打标机成功
INFO:root:2020-04-07 10:48:23    初始化参数完成
INFO:root:2020-04-07 10:57:41    读取yml文件成功
INFO:root:2020-04-07 10:57:41    读取数据库成功
INFO:root:2020-04-07 10:57:41    打开PLC串口成功
INFO:root:2020-04-07 10:57:41    连接打标机成功
INFO:root:2020-04-07 10:57:55    读取yml文件成功
INFO:root:2020-04-07 10:57:55    读取数据库成功
INFO:root:2020-04-07 10:57:55    打开PLC串口成功
INFO:root:2020-04-07 10:57:58    连接打标机成功
INFO:root:2020-04-07 10:58:55    读取yml文件成功
INFO:root:2020-04-07 10:58:55    读取数据库成功
INFO:root:2020-04-07 10:58:55    打开PLC串口成功
INFO:root:2020-04-07 10:58:56    连接打标机成功
INFO:root:2020-04-07 10:59:36    读取yml文件成功
INFO:root:2020-04-07 10:59:36    读取数据库成功
INFO:root:2020-04-07 10:59:36    打开PLC串口成功
INFO:root:2020-04-07 10:59:36    连接打标机成功
INFO:root:2020-04-07 10:59:36    初始化参数完成
INFO:root:2020-04-07 11:04:18    读取yml文件成功
INFO:root:2020-04-07 11:04:18    读取数据库成功
INFO:root:2020-04-07 11:04:18    打开PLC串口成功
INFO:root:2020-04-07 11:04:20    连接打标机成功
INFO:root:2020-04-07 11:04:20    初始化参数完成
INFO:root:2020-04-07 11:05:19    读取yml文件成功
INFO:root:2020-04-07 11:05:19    读取数据库成功
INFO:root:2020-04-07 11:05:19    打开PLC串口成功
INFO:root:2020-04-07 11:05:22    连接打标机成功
INFO:root:2020-04-07 11:05:22    初始化参数完成
INFO:root:2020-04-07 11:17:13    读取yml文件成功
INFO:root:2020-04-07 11:17:13    读取数据库成功
INFO:root:2020-04-07 11:17:13    打开PLC串口成功
INFO:root:2020-04-07 11:17:16    连接打标机成功
INFO:root:2020-04-07 11:17:16    初始化参数完成
INFO:root:2020-04-07 11:17:19    [选中模板]:pattern1一汽
INFO:root:2020-04-07 11:17:51    读取yml文件成功
INFO:root:2020-04-07 11:17:51    读取数据库成功
INFO:root:2020-04-07 11:17:51    打开PLC串口成功
INFO:root:2020-04-07 11:17:55    连接打标机成功
INFO:root:2020-04-07 11:17:55    初始化参数完成
INFO:root:2020-04-07 11:18:03    [选中模板]:pattern1一汽
INFO:root:2020-04-07 11:19:25    读取yml文件成功
INFO:root:2020-04-07 11:19:25    读取数据库成功
INFO:root:2020-04-07 11:19:25    打开PLC串口成功
INFO:root:2020-04-07 11:19:26    连接打标机成功
INFO:root:2020-04-07 11:19:26    初始化参数完成
INFO:root:2020-04-07 11:20:04    读取yml文件成功
INFO:root:2020-04-07 11:20:04    读取数据库成功
INFO:root:2020-04-07 11:20:04    打开PLC串口成功
INFO:root:2020-04-07 11:20:07    连接打标机成功
INFO:root:2020-04-07 11:20:07    初始化参数完成
INFO:root:2020-04-07 11:21:32    读取yml文件成功
INFO:root:2020-04-07 11:21:32    读取数据库成功
INFO:root:2020-04-07 11:21:32    打开PLC串口成功
INFO:root:2020-04-07 11:21:32    连接打标机成功
INFO:root:2020-04-07 11:21:32    初始化参数完成
INFO:root:2020-04-07 11:21:35    [选中模板]:pattern1一汽
INFO:root:2020-04-07 11:23:03    读取yml文件成功
INFO:root:2020-04-07 11:23:03    读取数据库成功
INFO:root:2020-04-07 11:23:03    打开PLC串口成功
INFO:root:2020-04-07 11:23:06    连接打标机成功
INFO:root:2020-04-07 11:23:06    初始化参数完成
INFO:root:2020-04-07 11:23:08    [选中模板]:pattern1一汽
INFO:root:2020-04-07 11:25:22    读取yml文件成功
INFO:root:2020-04-07 11:25:22    读取数据库成功
INFO:root:2020-04-07 11:25:22    打开PLC串口成功
INFO:root:2020-04-07 11:25:24    连接打标机成功
INFO:root:2020-04-07 11:25:24    初始化参数完成
INFO:root:2020-04-07 11:25:27    [选中模板]:pattern1一汽
INFO:root:2020-04-07 11:36:25    读取yml文件成功
INFO:root:2020-04-07 11:36:25    读取数据库成功
INFO:root:2020-04-07 11:36:25    打开PLC串口成功
INFO:root:2020-04-07 11:36:28    连接打标机成功
INFO:root:2020-04-07 11:36:28    初始化参数完成
INFO:root:2020-04-07 11:36:30    [选中模板]:pattern1一汽
INFO:root:2020-04-07 11:38:46    读取yml文件成功
INFO:root:2020-04-07 11:38:46    读取数据库成功
INFO:root:2020-04-07 11:38:46    打开PLC串口成功
INFO:root:2020-04-07 11:38:49    连接打标机成功
INFO:root:2020-04-07 11:38:49    初始化参数完成
INFO:root:2020-04-07 11:38:53    [选中模板]:pattern1一汽
INFO:root:2020-04-07 11:40:14    读取yml文件成功
INFO:root:2020-04-07 11:40:14    读取数据库成功
INFO:root:2020-04-07 11:40:14    打开PLC串口成功
INFO:root:2020-04-07 11:40:17    连接打标机成功
INFO:root:2020-04-07 11:40:17    初始化参数完成
INFO:root:2020-04-07 11:40:20    [选中模板]:pattern1一汽
INFO:root:2020-04-07 11:45:31    读取yml文件成功
INFO:root:2020-04-07 11:45:31    读取数据库成功
INFO:root:2020-04-07 11:45:31    打开PLC串口成功
INFO:root:2020-04-07 11:45:33    连接打标机成功
INFO:root:2020-04-07 11:45:34    初始化参数完成
INFO:root:2020-04-07 11:45:36    [选中模板]:pattern1一汽
INFO:root:2020-04-07 13:03:18    读取yml文件成功
INFO:root:2020-04-07 13:03:18    读取数据库成功
INFO:root:2020-04-07 13:03:18    打开PLC串口成功
INFO:root:2020-04-07 13:03:21    连接打标机成功
INFO:root:2020-04-07 13:05:40    读取yml文件成功
INFO:root:2020-04-07 13:05:40    读取数据库成功
INFO:root:2020-04-07 13:05:40    打开PLC串口成功
INFO:root:2020-04-07 13:05:43    连接打标机成功
INFO:root:2020-04-07 13:05:43    初始化参数完成
INFO:root:2020-04-07 13:07:00    读取yml文件成功
INFO:root:2020-04-07 13:07:00    读取数据库成功
INFO:root:2020-04-07 13:07:00    打开PLC串口成功
INFO:root:2020-04-07 13:07:00    连接打标机成功
INFO:root:2020-04-07 13:07:00    初始化参数完成
INFO:root:2020-04-07 13:17:04    读取yml文件成功
INFO:root:2020-04-07 13:17:04    读取数据库成功
INFO:root:2020-04-07 13:17:04    打开PLC串口成功
INFO:root:2020-04-07 13:17:07    连接打标机成功
INFO:root:2020-04-07 13:17:07    初始化参数完成
INFO:root:2020-04-07 13:17:41    读取yml文件成功
INFO:root:2020-04-07 13:17:41    读取数据库成功
INFO:root:2020-04-07 13:17:41    打开PLC串口成功
INFO:root:2020-04-07 13:17:45    连接打标机成功
INFO:root:2020-04-07 13:17:45    初始化参数完成
INFO:root:2020-04-07 13:18:56    读取yml文件成功
INFO:root:2020-04-07 13:18:56    读取数据库成功
INFO:root:2020-04-07 13:18:56    打开PLC串口成功
INFO:root:2020-04-07 13:18:58    连接打标机成功
INFO:root:2020-04-07 13:18:59    初始化参数完成
INFO:root:2020-04-07 13:20:24    读取yml文件成功
INFO:root:2020-04-07 13:20:24    读取数据库成功
INFO:root:2020-04-07 13:20:24    打开PLC串口成功
INFO:root:2020-04-07 13:20:28    连接打标机成功
INFO:root:2020-04-07 13:20:28    初始化参数完成
INFO:root:2020-04-07 13:22:02    读取yml文件成功
INFO:root:2020-04-07 13:22:02    读取数据库成功
INFO:root:2020-04-07 13:22:02    打开PLC串口成功
INFO:root:2020-04-07 13:22:07    连接打标机成功
INFO:root:2020-04-07 13:22:07    初始化参数完成
INFO:root:2020-04-07 13:23:11    读取yml文件成功
INFO:root:2020-04-07 13:23:11    读取数据库成功
INFO:root:2020-04-07 13:23:11    打开PLC串口成功
INFO:root:2020-04-07 13:23:11    连接打标机成功
INFO:root:2020-04-07 13:23:12    初始化参数完成
INFO:root:2020-04-07 13:24:22    读取yml文件成功
INFO:root:2020-04-07 13:24:22    读取数据库成功
INFO:root:2020-04-07 13:24:22    打开PLC串口成功
INFO:root:2020-04-07 13:24:23    连接打标机成功
INFO:root:2020-04-07 13:24:23    初始化参数完成
INFO:root:2020-04-07 13:31:36    读取yml文件成功
INFO:root:2020-04-07 13:31:36    读取数据库成功
INFO:root:2020-04-07 13:31:36    打开PLC串口成功
INFO:root:2020-04-07 13:31:38    连接打标机成功
INFO:root:2020-04-07 13:31:38    初始化参数完成
INFO:root:2020-04-07 13:32:24    读取yml文件成功
INFO:root:2020-04-07 13:32:24    读取数据库成功
INFO:root:2020-04-07 13:32:24    打开PLC串口成功
INFO:root:2020-04-07 13:32:26    连接打标机成功
INFO:root:2020-04-07 13:32:26    初始化参数完成
INFO:root:2020-04-07 13:45:52    读取yml文件成功
INFO:root:2020-04-07 13:45:52    读取数据库成功
INFO:root:2020-04-07 13:45:52    打开PLC串口成功
INFO:root:2020-04-07 13:45:52    连接打标机成功
INFO:root:2020-04-07 13:45:52    初始化参数完成
INFO:root:2020-04-07 13:46:17    [选中模板]:pattern1一汽
INFO:root:2020-04-07 13:47:39    读取yml文件成功
INFO:root:2020-04-07 13:47:39    读取数据库成功
INFO:root:2020-04-07 13:47:39    打开PLC串口成功
INFO:root:2020-04-07 13:47:44    连接打标机成功
INFO:root:2020-04-07 13:47:44    初始化参数完成
INFO:root:2020-04-07 13:47:53    [选中模板]:pattern1一汽
INFO:root:2020-04-07 13:48:14    读取yml文件成功
INFO:root:2020-04-07 13:48:14    读取数据库成功
INFO:root:2020-04-07 13:48:14    打开PLC串口成功
INFO:root:2020-04-07 13:48:17    连接打标机成功
INFO:root:2020-04-07 13:48:17    初始化参数完成
INFO:root:2020-04-07 13:49:26    读取yml文件成功
INFO:root:2020-04-07 13:49:26    读取数据库成功
INFO:root:2020-04-07 13:49:26    打开PLC串口成功
INFO:root:2020-04-07 13:49:29    连接打标机成功
INFO:root:2020-04-07 13:49:29    初始化参数完成
INFO:root:2020-04-07 13:49:31    [选中模板]:pattern1一汽
INFO:root:2020-04-07 13:49:59    读取yml文件成功
INFO:root:2020-04-07 13:49:59    读取数据库成功
INFO:root:2020-04-07 13:49:59    打开PLC串口成功
INFO:root:2020-04-07 13:50:02    连接打标机成功
INFO:root:2020-04-07 13:50:02    初始化参数完成
INFO:root:2020-04-07 13:50:04    [选中模板]:pattern1一汽
INFO:root:2020-04-07 13:54:07    读取yml文件成功
INFO:root:2020-04-07 13:54:07    读取数据库成功
INFO:root:2020-04-07 13:54:07    打开PLC串口成功
INFO:root:2020-04-07 13:54:10    连接打标机成功
INFO:root:2020-04-07 13:54:10    初始化参数完成
INFO:root:2020-04-07 13:54:37    [选中模板]:pattern1一汽
INFO:root:2020-04-07 13:56:05    读取yml文件成功
INFO:root:2020-04-07 13:56:05    读取数据库成功
INFO:root:2020-04-07 13:56:05    打开PLC串口失败

INFO:root:2020-04-07 13:56:19    连接打标机成功
INFO:root:2020-04-07 13:56:19    初始化参数完成
INFO:root:2020-04-07 14:01:19    读取yml文件成功
INFO:root:2020-04-07 14:01:19    读取数据库成功
INFO:root:2020-04-07 14:01:19    打开PLC串口成功
INFO:root:2020-04-07 14:01:21    连接打标机成功
INFO:root:2020-04-07 14:01:21    初始化参数完成
INFO:root:2020-04-07 14:08:01    读取yml文件成功
INFO:root:2020-04-07 14:08:01    读取数据库成功
INFO:root:2020-04-07 14:08:01    打开PLC串口成功
INFO:root:2020-04-07 14:08:01    连接打标机成功
INFO:root:2020-04-07 14:08:01    初始化参数完成
INFO:root:2020-04-07 14:08:58    读取yml文件成功
INFO:root:2020-04-07 14:08:58    读取数据库成功
INFO:root:2020-04-07 14:08:58    打开PLC串口成功
INFO:root:2020-04-07 14:09:02    连接打标机成功
INFO:root:2020-04-07 14:09:02    初始化参数完成
INFO:root:2020-04-07 14:09:20    [选中模板]:pattern1一汽
INFO:root:2020-04-07 14:23:36    读取yml文件成功
INFO:root:2020-04-07 14:23:36    读取数据库成功
INFO:root:2020-04-07 14:23:36    打开PLC串口成功
INFO:root:2020-04-07 14:23:39    连接打标机成功
INFO:root:2020-04-07 14:23:39    初始化参数完成
INFO:root:2020-04-07 14:23:47    [选中模板]:pattern1一汽
INFO:root:2020-04-07 14:27:12    读取yml文件成功
INFO:root:2020-04-07 14:27:12    读取数据库成功
INFO:root:2020-04-07 14:27:12    打开PLC串口成功
INFO:root:2020-04-07 14:27:15    连接打标机成功
INFO:root:2020-04-07 14:27:15    初始化参数完成
INFO:root:2020-04-07 14:27:18    [选中模板]:pattern1一汽
INFO:root:2020-04-07 14:28:00    读取yml文件成功
INFO:root:2020-04-07 14:28:00    读取数据库成功
INFO:root:2020-04-07 14:28:00    打开PLC串口成功
INFO:root:2020-04-07 14:28:00    连接打标机成功
INFO:root:2020-04-07 14:28:00    初始化参数完成
INFO:root:2020-04-07 14:28:02    [选中模板]:pattern1一汽
INFO:root:2020-04-07 14:29:58    读取yml文件成功
INFO:root:2020-04-07 14:29:58    读取数据库成功
INFO:root:2020-04-07 14:29:58    打开PLC串口成功
INFO:root:2020-04-07 14:30:00    连接打标机成功
INFO:root:2020-04-07 14:30:00    初始化参数完成
INFO:root:2020-04-07 14:30:01    [选中模板]:pattern1一汽
INFO:root:2020-04-07 14:30:34    读取yml文件成功
INFO:root:2020-04-07 14:30:34    读取数据库成功
INFO:root:2020-04-07 14:30:34    打开PLC串口成功
INFO:root:2020-04-07 14:30:36    连接打标机成功
INFO:root:2020-04-07 14:30:36    初始化参数完成
INFO:root:2020-04-07 14:30:38    [选中模板]:pattern1一汽
INFO:root:2020-04-07 14:49:47    读取yml文件成功
INFO:root:2020-04-07 14:49:47    读取数据库成功
INFO:root:2020-04-07 14:49:47    打开PLC串口成功
INFO:root:2020-04-07 14:49:48    连接打标机成功
INFO:root:2020-04-07 14:49:48    初始化参数完成
INFO:root:2020-04-07 14:49:52    [选中模板]:pattern1一汽
INFO:root:2020-04-07 14:52:23    读取yml文件成功
INFO:root:2020-04-07 14:52:23    读取数据库成功
INFO:root:2020-04-07 14:52:23    打开PLC串口成功
INFO:root:2020-04-07 14:52:27    连接打标机成功
INFO:root:2020-04-07 14:52:27    初始化参数完成
INFO:root:2020-04-07 14:52:29    [选中模板]:pattern1一汽
INFO:root:2020-04-07 14:55:48    读取yml文件成功
INFO:root:2020-04-07 14:55:48    读取数据库成功
INFO:root:2020-04-07 14:55:48    打开PLC串口成功
INFO:root:2020-04-07 14:55:50    连接打标机成功
INFO:root:2020-04-07 14:55:50    初始化参数完成
INFO:root:2020-04-07 14:55:58    [选中模板]:pattern1一汽
INFO:root:2020-04-07 14:57:39    读取yml文件成功
INFO:root:2020-04-07 14:57:39    读取数据库成功
INFO:root:2020-04-07 14:57:39    打开PLC串口成功
INFO:root:2020-04-07 14:57:40    连接打标机成功
INFO:root:2020-04-07 14:57:40    初始化参数完成
INFO:root:2020-04-07 14:57:59    读取yml文件成功
INFO:root:2020-04-07 14:57:59    读取数据库成功
INFO:root:2020-04-07 14:57:59    打开PLC串口成功
INFO:root:2020-04-07 14:58:02    连接打标机成功
INFO:root:2020-04-07 14:58:02    初始化参数完成
INFO:root:2020-04-07 14:58:03    [选中模板]:pattern1一汽
INFO:root:2020-04-07 14:58:46    读取yml文件成功
INFO:root:2020-04-07 14:58:46    读取数据库成功
INFO:root:2020-04-07 14:58:46    打开PLC串口成功
INFO:root:2020-04-07 14:58:48    连接打标机成功
INFO:root:2020-04-07 14:58:48    初始化参数完成
INFO:root:2020-04-07 14:58:57    [选中模板]:pattern1一汽
INFO:root:2020-04-07 14:59:18    读取yml文件成功
INFO:root:2020-04-07 14:59:18    读取数据库成功
INFO:root:2020-04-07 14:59:18    打开PLC串口成功
INFO:root:2020-04-07 14:59:20    连接打标机成功
INFO:root:2020-04-07 14:59:20    初始化参数完成
INFO:root:2020-04-07 14:59:22    [选中模板]:pattern1一汽
INFO:root:2020-04-07 15:16:13    读取yml文件成功
INFO:root:2020-04-07 15:16:13    读取数据库成功
INFO:root:2020-04-07 15:16:13    打开PLC串口成功
INFO:root:2020-04-07 15:16:13    连接打标机成功
INFO:root:2020-04-07 15:16:13    初始化参数完成
INFO:root:2020-04-07 15:16:15    [选中模板]:pattern1一汽
INFO:root:2020-04-07 15:18:01    读取yml文件成功
INFO:root:2020-04-07 15:18:01    读取数据库成功
INFO:root:2020-04-07 15:18:01    打开PLC串口成功
INFO:root:2020-04-07 15:18:04    连接打标机成功
INFO:root:2020-04-07 15:18:04    初始化参数完成
INFO:root:2020-04-07 15:18:59    [选中模板]:pattern1一汽
INFO:root:2020-04-07 15:23:31    读取yml文件成功
INFO:root:2020-04-07 15:23:31    读取数据库成功
INFO:root:2020-04-07 15:23:31    打开PLC串口成功
INFO:root:2020-04-07 15:23:34    连接打标机成功
INFO:root:2020-04-07 15:23:34    初始化参数完成
INFO:root:2020-04-07 15:24:08    [选中模板]:pattern1一汽
INFO:root:2020-04-07 15:27:39    读取yml文件成功
INFO:root:2020-04-07 15:27:39    读取数据库成功
INFO:root:2020-04-07 15:27:39    打开PLC串口成功
INFO:root:2020-04-07 15:27:40    连接打标机成功
INFO:root:2020-04-07 15:27:40    初始化参数完成
INFO:root:2020-04-07 15:27:53    [选中模板]:pattern1一汽
INFO:root:2020-04-07 15:30:35    读取yml文件成功
INFO:root:2020-04-07 15:30:35    读取数据库成功
INFO:root:2020-04-07 15:30:35    打开PLC串口成功
INFO:root:2020-04-07 15:30:37    连接打标机成功
INFO:root:2020-04-07 15:30:37    初始化参数完成
INFO:root:2020-04-07 15:30:45    [选中模板]:pattern1一汽
INFO:root:2020-04-07 15:38:12    读取yml文件成功
INFO:root:2020-04-07 15:38:12    读取数据库成功
INFO:root:2020-04-07 15:38:12    打开PLC串口成功
INFO:root:2020-04-07 15:38:14    连接打标机成功
INFO:root:2020-04-07 15:38:14    初始化参数完成
INFO:root:2020-04-07 15:38:17    [选中模板]:pattern1一汽
INFO:root:2020-04-07 15:40:19    读取yml文件成功
INFO:root:2020-04-07 15:40:19    读取数据库成功
INFO:root:2020-04-07 15:40:19    打开PLC串口成功
INFO:root:2020-04-07 15:40:23    连接打标机成功
INFO:root:2020-04-07 15:40:23    初始化参数完成
INFO:root:2020-04-07 15:40:26    [选中模板]:pattern1一汽
INFO:root:2020-04-07 15:42:16    读取yml文件成功
INFO:root:2020-04-07 15:42:16    读取数据库成功
INFO:root:2020-04-07 15:42:16    打开PLC串口成功
INFO:root:2020-04-07 15:42:16    连接打标机成功
INFO:root:2020-04-07 15:42:16    初始化参数完成
INFO:root:2020-04-07 15:42:18    [选中模板]:pattern1一汽
INFO:root:2020-04-07 16:04:19    读取yml文件成功
INFO:root:2020-04-07 16:04:19    读取数据库成功
INFO:root:2020-04-07 16:04:19    打开PLC串口成功
INFO:root:2020-04-07 16:04:22    连接打标机成功
INFO:root:2020-04-07 16:04:22    初始化参数完成
INFO:root:2020-04-07 16:13:48    读取yml文件成功
INFO:root:2020-04-07 16:13:48    读取数据库成功
INFO:root:2020-04-07 16:13:48    打开PLC串口成功
INFO:root:2020-04-07 16:13:51    连接打标机成功
INFO:root:2020-04-07 16:13:51    初始化参数完成
INFO:root:2020-04-07 16:14:40    读取yml文件成功
INFO:root:2020-04-07 16:14:40    读取数据库成功
INFO:root:2020-04-07 16:14:40    打开PLC串口成功
INFO:root:2020-04-07 16:14:42    连接打标机成功
INFO:root:2020-04-07 16:14:42    初始化参数完成
INFO:root:2020-04-07 16:14:44    [选中模板]:pattern1一汽
INFO:root:2020-04-07 16:16:22    读取yml文件成功
INFO:root:2020-04-07 16:16:22    读取数据库成功
INFO:root:2020-04-07 16:16:22    打开PLC串口成功
INFO:root:2020-04-07 16:16:23    连接打标机成功
INFO:root:2020-04-07 16:16:23    初始化参数完成
INFO:root:2020-04-07 16:16:32    [选中模板]:pattern1一汽
INFO:root:2020-04-07 16:17:58    读取yml文件成功
INFO:root:2020-04-07 16:17:58    读取数据库成功
INFO:root:2020-04-07 16:17:58    打开PLC串口成功
INFO:root:2020-04-07 16:17:58    连接打标机成功
INFO:root:2020-04-07 16:17:58    初始化参数完成
INFO:root:2020-04-07 16:18:00    [选中模板]:pattern1一汽
INFO:root:2020-04-07 16:20:13    读取yml文件成功
INFO:root:2020-04-07 16:20:13    读取数据库成功
INFO:root:2020-04-07 16:20:13    打开PLC串口成功
INFO:root:2020-04-07 16:20:13    连接打标机成功
INFO:root:2020-04-07 16:20:13    初始化参数完成
INFO:root:2020-04-07 16:20:16    [选中模板]:pattern1一汽
INFO:root:2020-04-07 16:21:15    读取yml文件成功
INFO:root:2020-04-07 16:21:15    读取数据库成功
INFO:root:2020-04-07 16:21:15    打开PLC串口成功
INFO:root:2020-04-07 16:21:17    连接打标机成功
INFO:root:2020-04-07 16:21:17    初始化参数完成
INFO:root:2020-04-07 16:21:20    [选中模板]:pattern1一汽
INFO:root:2020-04-07 16:23:06    读取yml文件成功
INFO:root:2020-04-07 16:23:06    读取数据库成功
INFO:root:2020-04-07 16:23:06    打开PLC串口成功
INFO:root:2020-04-07 16:23:09    连接打标机成功
INFO:root:2020-04-07 16:23:09    初始化参数完成
INFO:root:2020-04-07 16:23:11    [选中模板]:pattern1一汽
INFO:root:2020-04-07 16:25:01    读取yml文件成功
INFO:root:2020-04-07 16:25:01    读取数据库成功
INFO:root:2020-04-07 16:25:01    打开PLC串口成功
INFO:root:2020-04-07 16:25:02    连接打标机成功
INFO:root:2020-04-07 16:25:02    初始化参数完成
INFO:root:2020-04-07 16:25:04    [选中模板]:pattern1一汽
INFO:root:2020-04-07 16:28:31    读取yml文件成功
INFO:root:2020-04-07 16:28:31    读取数据库成功
INFO:root:2020-04-07 16:28:31    打开PLC串口成功
INFO:root:2020-04-07 16:28:33    连接打标机成功
INFO:root:2020-04-07 16:28:33    初始化参数完成
INFO:root:2020-04-07 18:07:44    读取yml文件成功
INFO:root:2020-04-07 18:07:44    打开数据库失败

INFO:root:2020-04-07 18:07:44    打开PLC串口成功
INFO:root:2020-04-07 18:07:48    连接打标机成功
INFO:root:2020-04-07 18:07:48    初始化参数完成
INFO:root:2020-04-07 20:57:16    读取yml文件成功
INFO:root:2020-04-07 20:57:16    打开数据库失败

INFO:root:2020-04-07 20:57:16    打开PLC串口成功
INFO:root:2020-04-07 20:57:17    连接打标机成功
INFO:root:2020-04-07 20:57:17    初始化参数完成
INFO:root:2020-04-07 20:57:21    [选中模板]:pattern1一汽
INFO:root:2020-04-07 21:00:05    [选中模板]:pattern1一汽
INFO:root:2020-04-07 21:14:34    读取yml文件成功
INFO:root:2020-04-07 21:14:34    打开数据库失败

INFO:root:2020-04-07 21:14:34    打开PLC串口成功
INFO:root:2020-04-07 21:14:37    连接打标机成功
INFO:root:2020-04-07 21:14:37    初始化参数完成
INFO:root:2020-04-07 21:15:21    [选中模板]:pattern1一汽
INFO:root:2020-04-07 21:16:16    读取yml文件成功
INFO:root:2020-04-07 21:16:16    打开数据库失败

INFO:root:2020-04-07 21:16:16    打开PLC串口成功
INFO:root:2020-04-07 21:16:18    连接打标机成功
INFO:root:2020-04-07 21:16:18    初始化参数完成
INFO:root:2020-04-07 21:16:28    [选中模板]:pattern1一汽
INFO:root:2020-04-07 21:17:18    读取yml文件成功
INFO:root:2020-04-07 21:17:18    打开数据库失败

INFO:root:2020-04-07 21:17:18    打开PLC串口成功
INFO:root:2020-04-07 21:17:21    连接打标机成功
INFO:root:2020-04-07 21:17:21    初始化参数完成
INFO:root:2020-04-07 21:17:38    [选中模板]:pattern1一汽
INFO:root:2020-04-07 21:23:26    读取yml文件成功
INFO:root:2020-04-07 21:23:26    打开数据库失败

INFO:root:2020-04-07 21:23:26    打开PLC串口成功
INFO:root:2020-04-07 21:23:26    连接打标机成功
INFO:root:2020-04-07 21:23:26    初始化参数完成
INFO:root:2020-04-07 21:24:47    读取yml文件成功
INFO:root:2020-04-07 21:24:47    打开数据库失败

INFO:root:2020-04-07 21:24:47    打开PLC串口成功
INFO:root:2020-04-07 21:24:47    连接打标机成功
INFO:root:2020-04-07 21:24:47    初始化参数完成
INFO:root:2020-04-07 21:24:51    [选中模板]:pattern1一汽
INFO:root:2020-04-07 23:14:53    读取yml文件成功
INFO:root:2020-04-07 23:14:53    读取数据库成功
INFO:root:2020-04-07 23:14:53    打开PLC串口成功
INFO:root:2020-04-07 23:14:57    连接打标机成功
INFO:root:2020-04-07 23:14:57    初始化参数完成
INFO:root:2020-04-07 23:17:05    读取yml文件成功
INFO:root:2020-04-07 23:17:05    读取数据库成功
INFO:root:2020-04-07 23:17:05    打开PLC串口成功
INFO:root:2020-04-07 23:17:07    连接打标机成功
INFO:root:2020-04-07 23:17:07    初始化参数完成
INFO:root:2020-04-07 23:17:36    读取yml文件成功
INFO:root:2020-04-07 23:17:36    读取数据库成功
INFO:root:2020-04-07 23:17:36    打开PLC串口成功
INFO:root:2020-04-07 23:17:39    连接打标机成功
INFO:root:2020-04-07 23:17:39    初始化参数完成
INFO:root:2020-04-07 23:52:52    读取yml文件成功
INFO:root:2020-04-07 23:52:52    读取数据库成功
INFO:root:2020-04-07 23:52:52    打开PLC串口成功
INFO:root:2020-04-07 23:52:55    连接打标机成功
INFO:root:2020-04-07 23:52:55    初始化参数完成
INFO:root:2020-04-07 23:54:09    读取yml文件成功
INFO:root:2020-04-07 23:54:09    读取数据库成功
INFO:root:2020-04-07 23:54:09    打开PLC串口成功
INFO:root:2020-04-07 23:54:12    连接打标机成功
INFO:root:2020-04-07 23:54:12    初始化参数完成
INFO:root:2020-04-07 23:56:12    读取yml文件成功
INFO:root:2020-04-07 23:56:12    读取数据库成功
INFO:root:2020-04-07 23:56:12    打开PLC串口成功
INFO:root:2020-04-07 23:56:12    连接打标机成功
INFO:root:2020-04-07 23:56:12    初始化参数完成
INFO:root:2020-04-07 23:56:54    读取yml文件成功
INFO:root:2020-04-07 23:56:54    读取数据库成功
INFO:root:2020-04-07 23:56:54    打开PLC串口成功
INFO:root:2020-04-07 23:56:56    连接打标机成功
INFO:root:2020-04-07 23:56:56    初始化参数完成
INFO:root:2020-04-08 00:00:05    读取yml文件成功
INFO:root:2020-04-08 00:00:05    读取数据库成功
INFO:root:2020-04-08 00:00:05    打开PLC串口成功
INFO:root:2020-04-08 00:00:08    连接打标机成功
INFO:root:2020-04-08 00:00:08    初始化参数完成
INFO:root:2020-04-08 00:00:54    [选中模板]:pattern1一汽
INFO:root:2020-04-08 00:02:42    读取yml文件成功
INFO:root:2020-04-08 00:02:42    读取数据库成功
INFO:root:2020-04-08 00:02:42    打开PLC串口成功
INFO:root:2020-04-08 00:02:46    连接打标机成功
INFO:root:2020-04-08 00:02:46    初始化参数完成
INFO:root:2020-04-08 00:04:14    读取yml文件成功
INFO:root:2020-04-08 00:04:14    读取数据库成功
INFO:root:2020-04-08 00:04:14    打开PLC串口成功
INFO:root:2020-04-08 00:04:15    连接打标机成功
INFO:root:2020-04-08 00:04:15    初始化参数完成
INFO:root:2020-04-08 09:36:12    读取yml文件成功
INFO:root:2020-04-08 09:36:12    打开数据库失败

INFO:root:2020-04-08 09:36:12    初始化参数完成
INFO:root:2020-04-08 09:37:07    读取yml文件成功
INFO:root:2020-04-08 09:37:07    打开数据库失败

INFO:root:2020-04-08 09:37:07    初始化参数完成
INFO:root:2020-04-08 09:37:40    读取yml文件成功
INFO:root:2020-04-08 09:37:40    打开数据库失败

INFO:root:2020-04-08 09:37:40    初始化参数完成
INFO:root:2020-04-08 09:40:57    读取yml文件成功
INFO:root:2020-04-08 09:40:57    打开数据库失败

INFO:root:2020-04-08 09:40:57    初始化参数完成
INFO:root:2020-04-08 09:52:02    读取yml文件成功
INFO:root:2020-04-08 09:52:03    打开数据库失败

INFO:root:2020-04-08 10:00:28    读取yml文件成功
INFO:root:2020-04-08 10:00:28    读取数据库成功
INFO:root:2020-04-08 10:00:28    打开PLC串口成功
INFO:root:2020-04-08 10:11:01    读取yml文件成功
INFO:root:2020-04-08 10:11:01    读取数据库成功
INFO:root:2020-04-08 10:11:01    打开PLC串口成功
INFO:root:2020-04-08 10:11:03    连接打标机成功
INFO:root:2020-04-08 10:11:03    初始化参数完成
INFO:root:2020-04-08 10:11:37    [选中模板]:pattern1一汽
INFO:root:2020-04-08 10:19:28    读取yml文件成功
INFO:root:2020-04-08 10:19:28    读取数据库成功
INFO:root:2020-04-08 10:19:28    打开PLC串口成功
INFO:root:2020-04-08 10:19:32    连接打标机成功
INFO:root:2020-04-08 10:19:32    初始化参数完成
INFO:root:2020-04-08 10:32:24    读取yml文件成功
INFO:root:2020-04-08 10:32:24    读取数据库成功
INFO:root:2020-04-08 10:32:24    打开PLC串口成功
INFO:root:2020-04-08 10:32:29    连接打标机成功
INFO:root:2020-04-08 10:32:29    初始化参数完成
INFO:root:2020-04-08 10:42:08    读取yml文件成功
INFO:root:2020-04-08 10:42:08    读取数据库成功
INFO:root:2020-04-08 10:42:08    打开PLC串口成功
INFO:root:2020-04-08 10:42:09    连接打标机成功
INFO:root:2020-04-08 10:42:09    初始化参数完成
INFO:root:2020-04-08 10:42:53    读取yml文件成功
INFO:root:2020-04-08 10:42:53    读取数据库成功
INFO:root:2020-04-08 10:42:53    打开PLC串口成功
INFO:root:2020-04-08 10:42:54    连接打标机成功
INFO:root:2020-04-08 10:42:54    初始化参数完成
INFO:root:2020-04-08 11:22:30    读取yml文件成功
INFO:root:2020-04-08 11:22:30    读取数据库成功
INFO:root:2020-04-08 11:22:30    打开PLC串口成功
INFO:root:2020-04-08 11:30:27    读取yml文件成功
INFO:root:2020-04-08 11:30:27    读取数据库成功
INFO:root:2020-04-08 11:30:27    打开PLC串口成功
INFO:root:2020-04-08 11:36:57    读取yml文件成功
INFO:root:2020-04-08 11:36:57    读取数据库成功
INFO:root:2020-04-08 11:36:57    打开PLC串口成功
INFO:root:2020-04-08 11:40:17    读取yml文件成功
INFO:root:2020-04-08 11:40:17    读取数据库成功
INFO:root:2020-04-08 11:40:17    打开PLC串口失败

INFO:root:2020-04-08 11:40:17    初始化参数完成
INFO:root:2020-04-08 11:41:32    读取yml文件成功
INFO:root:2020-04-08 11:41:32    读取数据库成功
INFO:root:2020-04-08 11:41:32    打开PLC串口失败

INFO:root:2020-04-08 11:41:32    初始化参数完成
INFO:root:2020-04-08 13:11:01    读取yml文件成功
INFO:root:2020-04-08 13:11:01    读取数据库成功
INFO:root:2020-04-08 13:11:01    打开PLC串口成功
INFO:root:2020-04-08 13:13:13    读取yml文件成功
INFO:root:2020-04-08 13:13:13    读取数据库成功
INFO:root:2020-04-08 13:13:13    打开PLC串口成功
INFO:root:2020-04-08 13:13:17    连接打标机成功
INFO:root:2020-04-08 13:13:17    初始化参数完成
INFO:root:2020-04-08 21:34:22    读取yml文件成功
INFO:root:2020-04-08 21:34:22    读取数据库成功
INFO:root:2020-04-08 21:34:22    打开PLC串口成功
INFO:root:2020-04-08 21:34:22    连接打标机失败

INFO:root:2020-04-08 21:34:22    __init__() missing 1 required positional argument: 'callback'
INFO:root:2020-04-08 21:34:22    初始化参数完成
INFO:root:2020-04-08 21:35:17    读取yml文件成功
INFO:root:2020-04-08 21:35:17    读取数据库成功
INFO:root:2020-04-08 21:35:17    打开PLC串口成功
INFO:root:2020-04-08 21:35:22    连接打标机成功
INFO:root:2020-04-08 21:35:22    初始化参数完成
INFO:root:2020-04-08 21:36:23    [选中模板]:pattern1一汽
INFO:root:2020-04-08 21:37:43    读取yml文件成功
INFO:root:2020-04-08 21:37:43    读取数据库成功
INFO:root:2020-04-08 21:37:43    打开PLC串口成功
INFO:root:2020-04-08 21:37:43    连接打标机成功
INFO:root:2020-04-08 21:37:43    初始化参数完成
INFO:root:2020-04-08 21:37:48    [选中模板]:pattern1一汽
INFO:root:2020-04-08 21:37:48    [选中模板]:pattern1一汽
INFO:root:2020-04-08 21:39:26    读取yml文件成功
INFO:root:2020-04-08 21:39:26    读取数据库成功
INFO:root:2020-04-08 21:39:26    打开PLC串口成功
INFO:root:2020-04-08 21:39:30    连接打标机成功
INFO:root:2020-04-08 21:39:30    初始化参数完成
INFO:root:2020-04-08 21:39:38    [选中模板]:pattern1一汽
INFO:root:2020-04-08 21:44:16    读取yml文件成功
INFO:root:2020-04-08 21:44:16    读取数据库成功
INFO:root:2020-04-08 21:44:16    打开PLC串口失败

INFO:root:2020-04-08 21:44:16    'int' object has no attribute 'encode'
INFO:root:2020-04-08 21:44:16    初始化参数完成
INFO:root:2020-04-08 21:46:27    读取yml文件成功
INFO:root:2020-04-08 21:46:27    读取数据库成功
INFO:root:2020-04-08 21:46:27    打开PLC串口成功
INFO:root:2020-04-08 21:46:31    连接打标机成功
INFO:root:2020-04-08 21:46:31    初始化参数完成
INFO:root:2020-04-08 21:46:50    [选中模板]:pattern1一汽
INFO:root:2020-04-08 22:21:15    读取yml文件成功
INFO:root:2020-04-08 22:21:15    读取数据库成功
INFO:root:2020-04-08 22:21:15    打开PLC串口成功
INFO:root:2020-04-08 22:22:46    读取yml文件成功
INFO:root:2020-04-08 22:22:46    读取数据库成功
INFO:root:2020-04-08 22:22:46    打开PLC串口成功
INFO:root:2020-04-08 22:22:46    连接打标机成功
INFO:root:2020-04-08 22:22:46    初始化参数完成
INFO:root:2020-04-08 22:22:54    [选中模板]:pattern1一汽
INFO:root:2020-04-08 22:29:58    读取yml文件成功
INFO:root:2020-04-08 22:29:58    读取数据库成功
INFO:root:2020-04-08 22:29:58    打开PLC串口成功
INFO:root:2020-04-08 22:29:58    连接打标机成功
INFO:root:2020-04-08 22:29:58    初始化参数完成
INFO:root:2020-04-08 22:30:13    [选中模板]:pattern1一汽
INFO:root:2020-04-08 22:49:45    读取yml文件成功
INFO:root:2020-04-08 22:49:45    读取数据库成功
INFO:root:2020-04-08 22:49:45    打开PLC串口成功
INFO:root:2020-04-08 22:49:45    连接打标机成功
INFO:root:2020-04-08 22:49:45    初始化参数完成
INFO:root:2020-04-08 22:51:48    读取yml文件成功
INFO:root:2020-04-08 22:51:48    读取数据库成功
INFO:root:2020-04-08 22:51:48    打开PLC串口成功
INFO:root:2020-04-08 22:51:51    连接打标机成功
INFO:root:2020-04-08 22:51:51    初始化参数完成
INFO:root:2020-04-08 22:58:38    读取yml文件成功
INFO:root:2020-04-08 22:58:38    读取数据库成功
INFO:root:2020-04-08 22:58:38    打开PLC串口成功
INFO:root:2020-04-08 22:58:39    连接打标机成功
INFO:root:2020-04-08 22:58:39    初始化参数完成
INFO:root:2020-04-08 22:59:50    读取yml文件成功
INFO:root:2020-04-08 22:59:50    读取数据库成功
INFO:root:2020-04-08 22:59:50    打开PLC串口成功
INFO:root:2020-04-08 22:59:50    连接打标机成功
INFO:root:2020-04-08 22:59:50    初始化参数完成
INFO:root:2020-04-08 22:59:52    [选中模板]:pattern1一汽
INFO:root:2020-04-08 23:03:16    读取yml文件成功
INFO:root:2020-04-08 23:03:16    读取数据库成功
INFO:root:2020-04-08 23:03:16    打开PLC串口成功
INFO:root:2020-04-08 23:03:18    连接打标机成功
INFO:root:2020-04-08 23:03:18    初始化参数完成
INFO:root:2020-04-08 23:03:19    [选中模板]:pattern1一汽
INFO:root:2020-04-08 23:38:49    读取yml文件成功
INFO:root:2020-04-08 23:38:49    读取数据库成功
INFO:root:2020-04-08 23:38:49    打开PLC串口成功
INFO:root:2020-04-08 23:38:53    连接打标机成功
INFO:root:2020-04-08 23:38:53    初始化参数完成
INFO:root:2020-04-08 23:39:01    [选中模板]:pattern1一汽
INFO:root:2020-04-08 23:57:56    读取yml文件成功
INFO:root:2020-04-08 23:57:56    读取数据库成功
INFO:root:2020-04-08 23:57:56    打开PLC串口成功
INFO:root:2020-04-08 23:57:58    连接打标机成功
INFO:root:2020-04-08 23:57:58    初始化参数完成
INFO:root:2020-04-08 23:58:25    读取yml文件成功
INFO:root:2020-04-08 23:58:25    读取数据库成功
INFO:root:2020-04-08 23:58:25    打开PLC串口成功
INFO:root:2020-04-08 23:58:27    连接打标机成功
INFO:root:2020-04-08 23:58:27    初始化参数完成
INFO:root:2020-04-08 23:59:58    读取yml文件成功
INFO:root:2020-04-08 23:59:58    读取数据库成功
INFO:root:2020-04-08 23:59:58    打开PLC串口成功
INFO:root:2020-04-09 00:00:01    连接打标机成功
INFO:root:2020-04-09 00:00:01    初始化参数完成
INFO:root:2020-04-09 00:01:36    读取yml文件成功
INFO:root:2020-04-09 00:01:36    读取数据库成功
INFO:root:2020-04-09 00:01:36    打开PLC串口成功
INFO:root:2020-04-09 00:01:38    连接打标机成功
INFO:root:2020-04-09 00:01:38    初始化参数完成
INFO:root:2020-04-09 09:02:36    读取yml文件成功
INFO:root:2020-04-09 09:02:37    读取数据库成功
INFO:root:2020-04-09 09:02:37    打开PLC串口成功
INFO:root:2020-04-09 09:02:40    连接打标机成功
INFO:root:2020-04-09 09:02:40    初始化参数完成
INFO:root:2020-04-09 09:24:08    读取yml文件成功
INFO:root:2020-04-09 09:24:09    打开数据库失败

INFO:root:2020-04-09 09:24:09    setItem(self, int, int, QTableWidgetItem): argument 3 has unexpected type 'str'
INFO:root:2020-04-09 09:24:09    初始化参数完成
INFO:root:2020-04-09 09:25:52    读取yml文件成功
INFO:root:2020-04-09 09:25:53    读取数据库成功
INFO:root:2020-04-09 09:25:53    打开PLC串口成功
INFO:root:2020-04-09 09:25:57    连接打标机成功
INFO:root:2020-04-09 09:25:57    初始化参数完成
INFO:root:2020-04-09 09:28:29    读取yml文件成功
INFO:root:2020-04-09 09:28:29    打开数据库失败

INFO:root:2020-04-09 09:28:29    setItem(self, int, int, QTableWidgetItem): argument 3 has unexpected type 'str'
INFO:root:2020-04-09 09:28:29    初始化参数完成
INFO:root:2020-04-09 09:29:17    读取yml文件成功
INFO:root:2020-04-09 09:29:17    打开数据库失败

INFO:root:2020-04-09 09:29:17    setItem(self, int, int, QTableWidgetItem): argument 3 has unexpected type 'str'
INFO:root:2020-04-09 09:29:17    初始化参数完成
INFO:root:2020-04-09 09:35:58    读取yml文件成功
INFO:root:2020-04-09 09:35:59    读取数据库成功
INFO:root:2020-04-09 09:35:59    打开PLC串口成功
INFO:root:2020-04-09 09:35:59    连接打标机成功
INFO:root:2020-04-09 09:35:59    初始化参数完成
INFO:root:2020-04-09 09:39:43    读取yml文件成功
INFO:root:2020-04-09 09:39:43    读取数据库成功
INFO:root:2020-04-09 09:39:43    打开PLC串口成功
INFO:root:2020-04-09 09:39:43    连接打标机成功
INFO:root:2020-04-09 09:39:43    初始化参数完成
INFO:root:2020-04-09 09:40:07    读取yml文件成功
INFO:root:2020-04-09 09:40:08    读取数据库成功
INFO:root:2020-04-09 09:40:08    打开PLC串口成功
INFO:root:2020-04-09 09:40:09    连接打标机成功
INFO:root:2020-04-09 09:40:09    初始化参数完成
INFO:root:2020-04-09 09:40:20    读取yml文件成功
INFO:root:2020-04-09 09:40:20    读取数据库成功
INFO:root:2020-04-09 09:40:20    打开PLC串口成功
INFO:root:2020-04-09 09:40:25    连接打标机成功
INFO:root:2020-04-09 09:40:25    初始化参数完成
INFO:root:2020-04-09 09:56:24    读取yml文件成功
INFO:root:2020-04-09 09:56:24    读取数据库成功
INFO:root:2020-04-09 09:56:24    打开PLC串口成功
INFO:root:2020-04-09 09:56:27    连接打标机成功
INFO:root:2020-04-09 09:56:27    初始化参数完成
INFO:root:2020-04-09 09:57:13    读取yml文件成功
INFO:root:2020-04-09 09:57:13    读取数据库成功
INFO:root:2020-04-09 09:57:13    打开PLC串口成功
INFO:root:2020-04-09 09:57:16    连接打标机成功
INFO:root:2020-04-09 09:57:16    初始化参数完成
INFO:root:2020-04-09 09:59:51    读取yml文件成功
INFO:root:2020-04-09 09:59:51    读取数据库成功
INFO:root:2020-04-09 09:59:51    打开PLC串口成功
INFO:root:2020-04-09 09:59:52    连接打标机成功
INFO:root:2020-04-09 09:59:52    初始化参数完成
INFO:root:2020-04-09 10:38:34    读取yml文件成功
INFO:root:2020-04-09 10:38:34    读取数据库成功
INFO:root:2020-04-09 10:38:34    打开PLC串口成功
INFO:root:2020-04-09 10:38:35    连接打标机成功
INFO:root:2020-04-09 10:38:35    初始化参数完成
INFO:root:2020-04-09 10:39:37    读取yml文件成功
INFO:root:2020-04-09 10:39:37    读取数据库成功
INFO:root:2020-04-09 10:39:37    打开PLC串口成功
INFO:root:2020-04-09 10:39:39    连接打标机成功
INFO:root:2020-04-09 10:39:39    初始化参数完成
INFO:root:2020-04-09 10:39:54    [选中模板]:pattern1一汽
INFO:root:2020-04-09 10:40:35    读取yml文件成功
INFO:root:2020-04-09 10:40:35    读取数据库成功
INFO:root:2020-04-09 10:40:35    打开PLC串口成功
INFO:root:2020-04-09 10:40:35    连接打标机成功
INFO:root:2020-04-09 10:40:35    初始化参数完成
INFO:root:2020-04-09 10:40:40    [选中模板]:pattern1一汽
INFO:root:2020-04-09 10:43:13    读取yml文件成功
INFO:root:2020-04-09 10:43:13    读取数据库成功
INFO:root:2020-04-09 10:43:13    打开PLC串口成功
INFO:root:2020-04-09 10:43:17    连接打标机成功
INFO:root:2020-04-09 10:43:17    初始化参数完成
INFO:root:2020-04-09 10:45:21    [选中模板]:pattern1一汽
INFO:root:2020-04-09 10:47:43    读取yml文件成功
INFO:root:2020-04-09 10:47:43    读取数据库成功
INFO:root:2020-04-09 10:47:43    打开PLC串口成功
INFO:root:2020-04-09 10:47:46    连接打标机成功
INFO:root:2020-04-09 10:47:46    初始化参数完成
INFO:root:2020-04-09 10:47:49    [选中模板]:pattern1一汽
INFO:root:2020-04-09 12:53:57    读取yml文件成功
INFO:root:2020-04-09 12:53:57    读取数据库成功
INFO:root:2020-04-09 12:53:57    打开PLC串口成功
INFO:root:2020-04-09 12:54:01    连接打标机成功
INFO:root:2020-04-09 12:54:01    初始化参数完成
INFO:root:2020-04-09 12:54:21    读取yml文件成功
INFO:root:2020-04-09 12:54:21    读取数据库成功
INFO:root:2020-04-09 12:54:21    打开PLC串口成功
INFO:root:2020-04-09 12:54:24    连接打标机成功
INFO:root:2020-04-09 12:54:24    初始化参数完成
INFO:root:2020-04-09 12:54:34    [选中模板]:pattern2
INFO:root:2020-04-09 13:22:35    读取yml文件成功
INFO:root:2020-04-09 13:22:35    读取数据库成功
INFO:root:2020-04-09 13:22:35    打开PLC串口成功
INFO:root:2020-04-09 13:22:35    连接打标机成功
INFO:root:2020-04-09 13:22:35    初始化参数完成
INFO:root:2020-04-09 13:23:10    [选中模板]:pattern1一汽
INFO:root:2020-04-09 14:17:00    读取yml文件成功
INFO:root:2020-04-09 14:17:00    打开数据库失败

INFO:root:2020-04-09 14:17:00    'module' object is not callable
INFO:root:2020-04-09 14:17:00    初始化参数完成
INFO:root:2020-04-09 14:19:47    读取yml文件成功
INFO:root:2020-04-09 14:19:47    打开数据库失败

INFO:root:2020-04-09 14:19:47    'module' object is not callable
INFO:root:2020-04-09 14:19:47    初始化参数完成
INFO:root:2020-04-09 14:28:24    读取yml文件成功
INFO:root:2020-04-09 14:28:24    打开数据库失败

INFO:root:2020-04-09 14:28:24    'module' object is not callable
INFO:root:2020-04-09 14:28:24    初始化参数完成
INFO:root:2020-04-09 14:29:39    读取yml文件成功
INFO:root:2020-04-09 14:29:39    打开数据库失败

INFO:root:2020-04-09 14:29:39    'module' object is not callable
INFO:root:2020-04-09 14:29:39    初始化参数完成
INFO:root:2020-04-09 14:30:38    读取yml文件成功
INFO:root:2020-04-09 14:30:38    读取数据库成功
INFO:root:2020-04-09 14:30:38    打开PLC串口成功
INFO:root:2020-04-09 14:30:42    连接打标机成功
INFO:root:2020-04-09 14:30:42    初始化参数完成
INFO:root:2020-04-09 15:17:36    打开yml文件失败

INFO:root:2020-04-09 15:17:36    [Errno 2] No such file or directory: '/img/Markware.yml'
INFO:root:2020-04-09 15:17:36    初始化参数完成
INFO:root:2020-04-09 20:12:59    打开yml文件失败

INFO:root:2020-04-09 20:12:59    [Errno 2] No such file or directory: '/Markware/img/Markware.yml'
INFO:root:2020-04-09 20:12:59    初始化参数完成
INFO:root:2020-04-09 20:13:21    打开yml文件失败

INFO:root:2020-04-09 20:13:21    [Errno 2] No such file or directory: '/Markware/img/Markware.yml'
INFO:root:2020-04-09 20:13:21    初始化参数完成
INFO:root:2020-04-09 20:14:00    打开yml文件失败

INFO:root:2020-04-09 20:14:00    [Errno 2] No such file or directory: '/Markware/img/Markware.yml'
INFO:root:2020-04-09 20:14:00    初始化参数完成
INFO:root:2020-04-09 20:14:19    打开yml文件失败

INFO:root:2020-04-09 20:14:19    [Errno 2] No such file or directory: '/img/Markware.yml'
INFO:root:2020-04-09 20:14:19    初始化参数完成
INFO:root:2020-04-09 20:14:31    读取yml文件成功
INFO:root:2020-04-09 20:14:31    读取数据库成功
INFO:root:2020-04-09 20:14:31    打开PLC串口成功
INFO:root:2020-04-09 20:14:33    连接打标机成功
INFO:root:2020-04-09 20:14:33    初始化参数完成
INFO:root:2020-04-09 20:30:24    读取yml文件成功
INFO:root:2020-04-09 20:30:24    读取数据库成功
INFO:root:2020-04-09 20:30:24    打开PLC串口成功
INFO:root:2020-04-09 20:30:27    连接打标机成功
INFO:root:2020-04-09 20:30:27    初始化参数完成
INFO:root:2020-04-09 22:53:33    读取yml文件成功
INFO:root:2020-04-09 22:53:33    读取数据库成功
INFO:root:2020-04-09 22:53:33    打开PLC串口失败

INFO:root:2020-04-09 22:53:33    descriptor '__init__' of 'super' object needs an argument
INFO:root:2020-04-09 22:53:33    初始化参数完成
INFO:root:2020-04-09 22:54:00    读取yml文件成功
INFO:root:2020-04-09 22:54:00    读取数据库成功
INFO:root:2020-04-09 22:54:00    打开PLC串口成功
INFO:root:2020-04-09 22:54:29    连接打标机成功
INFO:root:2020-04-09 22:54:29    初始化参数完成
INFO:root:2020-04-09 22:55:38    读取yml文件成功
INFO:root:2020-04-09 22:55:38    读取数据库成功
INFO:root:2020-04-09 22:55:38    打开PLC串口成功
INFO:root:2020-04-09 22:55:41    连接打标机成功
INFO:root:2020-04-09 22:55:41    初始化参数完成
INFO:root:2020-04-09 22:57:05    读取yml文件成功
INFO:root:2020-04-09 22:57:05    读取数据库成功
INFO:root:2020-04-09 22:57:05    打开PLC串口成功
INFO:root:2020-04-09 22:57:08    连接打标机成功
INFO:root:2020-04-09 22:57:08    初始化参数完成
INFO:root:2020-04-09 22:59:37    读取yml文件成功
INFO:root:2020-04-09 22:59:37    读取数据库成功
INFO:root:2020-04-09 23:02:34    打开PLC串口成功
INFO:root:2020-04-09 23:02:46    连接打标机成功
INFO:root:2020-04-09 23:03:09    初始化参数完成
INFO:root:2020-04-09 23:05:26    读取yml文件成功
INFO:root:2020-04-09 23:05:26    读取数据库成功
INFO:root:2020-04-09 23:05:54    打开PLC串口成功
INFO:root:2020-04-09 23:06:14    连接打标机成功
INFO:root:2020-04-09 23:09:29    初始化参数完成
INFO:root:2020-04-09 23:12:31    读取yml文件成功
INFO:root:2020-04-09 23:12:31    读取数据库成功
INFO:root:2020-04-09 23:12:31    打开PLC串口成功
INFO:root:2020-04-09 23:12:32    连接打标机成功
INFO:root:2020-04-09 23:12:32    初始化参数完成
INFO:root:2020-04-09 23:16:41    读取yml文件成功
INFO:root:2020-04-09 23:16:41    读取数据库成功
INFO:root:2020-04-09 23:16:41    打开PLC串口成功
INFO:root:2020-04-09 23:16:42    连接打标机成功
INFO:root:2020-04-09 23:16:42    初始化参数完成
INFO:root:2020-04-09 23:23:03    读取yml文件成功
INFO:root:2020-04-09 23:23:03    读取数据库成功
INFO:root:2020-04-09 23:23:03    打开PLC串口成功
INFO:root:2020-04-09 23:23:03    连接打标机成功
INFO:root:2020-04-09 23:23:03    初始化参数完成
INFO:root:2020-04-09 23:27:27    读取yml文件成功
INFO:root:2020-04-09 23:27:27    读取数据库成功
INFO:root:2020-04-09 23:27:27    打开PLC串口失败

INFO:root:2020-04-09 23:27:27    type object 'MyMainWindow' has no attribute 'rcvCom'
INFO:root:2020-04-09 23:27:27    初始化参数完成
INFO:root:2020-04-09 23:27:44    读取yml文件成功
INFO:root:2020-04-09 23:27:44    读取数据库成功
INFO:root:2020-04-09 23:27:44    打开PLC串口成功
INFO:root:2020-04-09 23:27:51    读取yml文件成功
INFO:root:2020-04-09 23:27:51    读取数据库成功
INFO:root:2020-04-09 23:28:20    打开PLC串口成功
INFO:root:2020-04-09 23:31:18    读取yml文件成功
INFO:root:2020-04-09 23:31:18    读取数据库成功
INFO:root:2020-04-09 23:31:18    打开PLC串口成功
INFO:root:2020-04-09 23:31:18    连接打标机成功
INFO:root:2020-04-09 23:31:18    初始化参数完成
INFO:root:2020-04-09 23:34:21    读取yml文件成功
INFO:root:2020-04-09 23:34:21    读取数据库成功
INFO:root:2020-04-09 23:34:21    打开PLC串口失败

INFO:root:2020-04-09 23:34:21    could not open port 'COM1': PermissionError(13, '拒绝访问。', None, 5)
INFO:root:2020-04-09 23:34:21    初始化参数完成
INFO:root:2020-04-09 23:36:19    读取yml文件成功
INFO:root:2020-04-09 23:36:19    读取数据库成功
INFO:root:2020-04-09 23:36:19    打开PLC串口成功
INFO:root:2020-04-09 23:36:21    连接打标机成功
INFO:root:2020-04-09 23:36:21    初始化参数完成
INFO:root:2020-04-09 23:46:28    读取yml文件成功
INFO:root:2020-04-09 23:46:28    读取数据库成功
INFO:root:2020-04-09 23:46:28    打开PLC串口成功
INFO:root:2020-04-09 23:46:30    连接打标机成功
INFO:root:2020-04-09 23:46:30    初始化参数完成
INFO:root:2020-04-09 23:49:00    读取yml文件成功
INFO:root:2020-04-09 23:49:00    读取数据库成功
INFO:root:2020-04-09 23:49:00    打开PLC串口成功
INFO:root:2020-04-09 23:49:00    连接打标机成功
INFO:root:2020-04-09 23:49:00    初始化参数完成
INFO:root:2020-04-09 23:52:06    读取yml文件成功
INFO:root:2020-04-09 23:52:06    读取数据库成功
INFO:root:2020-04-09 23:52:06    打开PLC串口失败

INFO:root:2020-04-09 23:52:06    could not open port 'COM1': PermissionError(13, '拒绝访问。', None, 5)
INFO:root:2020-04-09 23:52:06    初始化参数完成
INFO:root:2020-04-09 23:55:34    读取yml文件成功
INFO:root:2020-04-09 23:55:34    读取数据库成功
INFO:root:2020-04-09 23:55:34    打开PLC串口成功
INFO:root:2020-04-09 23:55:34    连接打标机失败

INFO:root:2020-04-09 23:55:34    [WinError 10048] 通常每个套接字地址(协议/网络地址/端口)只允许使用一次。
INFO:root:2020-04-09 23:55:34    初始化参数完成
INFO:root:2020-04-10 00:00:02    读取yml文件成功
INFO:root:2020-04-10 00:00:02    读取数据库成功
INFO:root:2020-04-10 00:00:02    打开PLC串口成功
INFO:root:2020-04-10 00:00:24    连接打标机成功
INFO:root:2020-04-10 00:00:24    初始化参数完成
INFO:root:2020-04-10 00:00:46    读取yml文件成功
INFO:root:2020-04-10 00:00:46    读取数据库成功
INFO:root:2020-04-10 00:00:46    打开PLC串口成功
INFO:root:2020-04-10 00:00:49    连接打标机成功
INFO:root:2020-04-10 00:00:49    初始化参数完成
INFO:root:2020-04-10 00:01:00    读取yml文件成功
INFO:root:2020-04-10 00:01:00    读取数据库成功
INFO:root:2020-04-10 00:01:00    打开PLC串口成功
INFO:root:2020-04-10 00:01:02    连接打标机成功
INFO:root:2020-04-10 00:01:02    初始化参数完成
INFO:root:2020-04-10 08:54:51    读取yml文件成功
INFO:root:2020-04-10 08:54:51    读取数据库成功
INFO:root:2020-04-10 08:54:51    打开PLC串口成功
INFO:root:2020-04-10 08:54:55    连接打标机成功
INFO:root:2020-04-10 08:54:55    初始化参数完成
INFO:root:2020-04-10 09:18:58    读取yml文件成功
INFO:root:2020-04-10 09:18:58    读取数据库成功
INFO:root:2020-04-10 09:18:58    打开PLC串口成功
INFO:root:2020-04-10 09:19:02    连接打标机成功
INFO:root:2020-04-10 09:19:02    初始化参数完成
INFO:root:2020-04-10 09:20:58    读取yml文件成功
INFO:root:2020-04-10 09:20:58    读取数据库成功
INFO:root:2020-04-10 09:20:58    打开PLC串口成功
INFO:root:2020-04-10 09:21:03    连接打标机成功
INFO:root:2020-04-10 09:21:03    初始化参数完成
INFO:root:2020-04-10 09:21:20    [选中模板]:pattern1一汽
INFO:root:2020-04-10 10:20:12    读取yml文件成功
INFO:root:2020-04-10 10:20:12    读取数据库成功
INFO:root:2020-04-10 10:20:12    打开PLC串口成功
INFO:root:2020-04-10 10:20:31    连接打标机成功
INFO:root:2020-04-10 10:20:31    初始化参数完成
INFO:root:2020-04-10 10:20:44    [选中模板]:pattern1一汽
INFO:root:2020-04-10 11:05:28    读取yml文件成功
INFO:root:2020-04-10 11:05:31    读取数据库成功
INFO:root:2020-04-10 11:05:31    打开PLC串口成功
INFO:root:2020-04-10 11:05:45    连接打标机成功
INFO:root:2020-04-10 11:06:38    读取yml文件成功
INFO:root:2020-04-10 11:06:38    读取数据库成功
INFO:root:2020-04-10 11:06:38    打开PLC串口成功
INFO:root:2020-04-10 11:06:39    连接打标机成功
INFO:root:2020-04-10 11:06:39    初始化参数完成
INFO:root:2020-04-10 14:17:14    读取yml文件成功
INFO:root:2020-04-10 14:17:14    读取数据库成功
INFO:root:2020-04-10 14:17:14    打开PLC串口成功
INFO:root:2020-04-10 14:17:44    连接打标机成功
INFO:root:2020-04-10 14:17:44    初始化参数完成
INFO:root:2020-04-10 14:17:54    [选中模板]:pattern1一汽
INFO:root:2020-04-10 14:20:24    读取yml文件成功
INFO:root:2020-04-10 14:20:24    读取数据库成功
INFO:root:2020-04-10 14:20:24    打开PLC串口成功
INFO:root:2020-04-10 14:20:25    连接打标机成功
INFO:root:2020-04-10 14:20:25    初始化参数完成
INFO:root:2020-04-10 14:20:30    [选中模板]:pattern1一汽
INFO:root:2020-04-10 14:26:21    读取yml文件成功
INFO:root:2020-04-10 14:26:21    读取数据库成功
INFO:root:2020-04-10 14:26:21    打开PLC串口成功
INFO:root:2020-04-10 14:26:22    连接打标机成功
INFO:root:2020-04-10 14:26:22    初始化参数完成
INFO:root:2020-04-10 14:26:29    [选中模板]:pattern1一汽
INFO:root:2020-04-10 16:00:03    读取yml文件成功
INFO:root:2020-04-10 16:00:03    读取数据库成功
INFO:root:2020-04-10 16:00:03    打开PLC串口成功
INFO:root:2020-04-10 16:00:03    连接打标机成功
INFO:root:2020-04-10 16:00:03    初始化参数完成
INFO:root:2020-04-10 16:00:09    [选中模板]:pattern1一汽
INFO:root:2020-04-10 16:04:37    读取yml文件成功
INFO:root:2020-04-10 16:04:37    读取数据库成功
INFO:root:2020-04-10 16:04:37    打开PLC串口成功
INFO:root:2020-04-10 16:04:40    连接打标机成功
INFO:root:2020-04-10 16:04:40    初始化参数完成
INFO:root:2020-04-10 16:04:46    [选中模板]:pattern1一汽
INFO:root:2020-04-10 16:06:30    读取yml文件成功
INFO:root:2020-04-10 16:06:31    读取数据库成功
INFO:root:2020-04-10 16:06:31    打开PLC串口成功
INFO:root:2020-04-10 16:06:33    连接打标机成功
INFO:root:2020-04-10 16:06:33    初始化参数完成
INFO:root:2020-04-10 16:06:46    [选中模板]:pattern1一汽
INFO:root:2020-04-10 16:10:26    读取yml文件成功
INFO:root:2020-04-10 16:10:30    读取数据库成功
INFO:root:2020-04-10 16:10:30    打开PLC串口成功
INFO:root:2020-04-10 16:10:33    连接打标机成功
INFO:root:2020-04-10 16:10:33    初始化参数完成
INFO:root:2020-04-10 16:10:40    [选中模板]:pattern1一汽
INFO:root:2020-04-10 22:34:44    读取yml文件成功
INFO:root:2020-04-10 22:34:44    读取数据库成功
INFO:root:2020-04-10 22:34:44    打开PLC串口成功
INFO:root:2020-04-10 22:34:47    连接打标机成功
INFO:root:2020-04-10 22:34:47    初始化参数完成
INFO:root:2020-04-10 22:34:54    [选中模板]:pattern1一汽
INFO:root:2020-04-10 22:41:50    读取yml文件成功
INFO:root:2020-04-10 22:41:50    读取数据库成功
INFO:root:2020-04-10 22:41:50    打开PLC串口成功
INFO:root:2020-04-10 22:41:51    连接打标机成功
INFO:root:2020-04-10 22:41:51    初始化参数完成
INFO:root:2020-04-10 22:42:05    [选中模板]:pattern1一汽
INFO:root:2020-04-10 22:42:46    读取yml文件成功
INFO:root:2020-04-10 22:42:46    读取数据库成功
INFO:root:2020-04-10 22:42:46    打开PLC串口成功
INFO:root:2020-04-10 22:42:51    连接打标机成功
INFO:root:2020-04-10 22:42:51    初始化参数完成
INFO:root:2020-04-10 22:43:05    [选中模板]:pattern1一汽
INFO:root:2020-04-10 22:47:16    读取yml文件成功
INFO:root:2020-04-10 22:47:16    读取数据库成功
INFO:root:2020-04-10 22:47:16    打开PLC串口成功
INFO:root:2020-04-10 22:47:16    连接打标机成功
INFO:root:2020-04-10 22:47:16    初始化参数完成
INFO:root:2020-04-10 22:47:26    [选中模板]:pattern1一汽
INFO:root:2020-04-10 22:54:12    读取yml文件成功
INFO:root:2020-04-10 22:54:12    读取数据库成功
INFO:root:2020-04-10 22:54:12    打开PLC串口成功
INFO:root:2020-04-10 22:54:12    连接打标机成功
INFO:root:2020-04-10 22:54:12    初始化参数完成
INFO:root:2020-04-10 22:54:17    [选中模板]:pattern1一汽
INFO:root:2020-04-10 23:01:46    读取yml文件成功
INFO:root:2020-04-10 23:01:46    读取数据库成功
INFO:root:2020-04-10 23:01:46    打开PLC串口成功
INFO:root:2020-04-10 23:01:50    连接打标机成功
INFO:root:2020-04-10 23:01:50    初始化参数完成
INFO:root:2020-04-10 23:01:54    [选中模板]:pattern1一汽
INFO:root:2020-04-10 23:06:11    读取yml文件成功
INFO:root:2020-04-10 23:06:11    读取数据库成功
INFO:root:2020-04-10 23:06:11    打开PLC串口成功
INFO:root:2020-04-10 23:06:14    连接打标机成功
INFO:root:2020-04-10 23:06:14    初始化参数完成
INFO:root:2020-04-10 23:06:20    [选中模板]:pattern1一汽
INFO:root:2020-04-10 23:07:49    读取yml文件成功
INFO:root:2020-04-10 23:07:49    读取数据库成功
INFO:root:2020-04-10 23:07:49    打开PLC串口成功
INFO:root:2020-04-10 23:07:49    连接打标机成功
INFO:root:2020-04-10 23:07:49    初始化参数完成
INFO:root:2020-04-10 23:08:02    [选中模板]:pattern1一汽
INFO:root:2020-04-10 23:09:37    [选中模板]:pattern1一汽
INFO:root:2020-04-11 09:09:31    读取yml文件失败
[Errno 2] No such file or directory: 'Markware/backend/Markware.yml'
INFO:root:2020-04-11 09:09:31    初始化参数完成
INFO:root:2020-04-11 09:09:49    读取yml文件失败
[Errno 2] No such file or directory: '/Markware/backend/Markware.yml'
INFO:root:2020-04-11 09:09:49    初始化参数完成
INFO:root:2020-04-11 09:13:21    读取yml文件失败
[Errno 2] No such file or directory: '/Markware/backend/Markware.yml'
INFO:root:2020-04-11 09:13:21    初始化参数完成
INFO:root:2020-04-11 09:13:44    读取yml文件成功
INFO:root:2020-04-11 09:13:45    读取数据库成功
INFO:root:2020-04-11 09:13:45    打开PLC串口成功
INFO:root:2020-04-11 09:13:45    连接打标机成功
INFO:root:2020-04-11 09:13:45    初始化参数完成
INFO:root:2020-04-11 11:04:53    读取yml文件成功
INFO:root:2020-04-11 11:04:53    读取数据库成功
INFO:root:2020-04-11 11:04:53    打开PLC串口成功
INFO:root:2020-04-11 11:04:54    连接打标机成功
INFO:root:2020-04-11 11:04:54    初始化参数完成
INFO:root:2020-04-11 12:41:05    读取yml文件成功
INFO:root:2020-04-11 12:41:05    读取数据库成功
INFO:root:2020-04-11 12:41:05    打开PLC串口成功
INFO:root:2020-04-11 12:41:05    连接打标机成功
INFO:root:2020-04-11 12:41:05    初始化参数完成
INFO:root:2020-04-11 12:42:35    急停按下，打标机Offline
INFO:root:2020-04-11 12:44:42    读取yml文件成功
INFO:root:2020-04-11 12:44:42    读取数据库成功
INFO:root:2020-04-11 12:44:42    打开PLC串口成功
INFO:root:2020-04-11 12:44:47    连接打标机成功
INFO:root:2020-04-11 12:44:47    初始化参数完成
INFO:root:2020-04-11 12:45:16    急停按下，打标机Offline
INFO:root:2020-04-11 12:54:06    读取yml文件成功
INFO:root:2020-04-11 12:54:06    读取数据库成功
INFO:root:2020-04-11 12:54:06    打开PLC串口成功
INFO:root:2020-04-11 12:54:09    连接打标机成功
INFO:root:2020-04-11 12:54:09    初始化参数完成
INFO:root:2020-04-11 12:54:17    急停按下，打标机Offline
INFO:root:2020-04-11 12:55:37    读取yml文件成功
INFO:root:2020-04-11 12:55:37    读取数据库成功
INFO:root:2020-04-11 12:55:37    打开PLC串口成功
INFO:root:2020-04-11 12:55:39    连接打标机成功
INFO:root:2020-04-11 12:55:39    初始化参数完成
INFO:root:2020-04-11 12:55:45    急停按下，打标机Offline
INFO:root:2020-04-11 13:05:36    读取yml文件成功
INFO:root:2020-04-11 13:05:36    读取数据库成功
INFO:root:2020-04-11 13:05:36    打开PLC串口成功
INFO:root:2020-04-11 13:05:39    连接打标机成功
INFO:root:2020-04-11 13:05:39    初始化参数完成
INFO:root:2020-04-11 13:05:44    急停按下，打标机Offline
INFO:root:2020-04-11 13:06:48    取消本次打印
INFO:root:2020-04-11 13:07:02    急停按下，打标机Offline
INFO:root:2020-04-11 13:13:49    读取yml文件成功
INFO:root:2020-04-11 13:13:49    读取数据库成功
INFO:root:2020-04-11 13:13:49    打开PLC串口成功
INFO:root:2020-04-11 13:13:53    连接打标机成功
INFO:root:2020-04-11 13:13:53    初始化参数完成
INFO:root:2020-04-11 13:14:11    急停按下，打标机Offline
INFO:root:2020-04-11 13:16:03    读取yml文件成功
INFO:root:2020-04-11 13:16:03    读取数据库成功
INFO:root:2020-04-11 13:16:03    打开PLC串口成功
INFO:root:2020-04-11 13:16:04    连接打标机成功
INFO:root:2020-04-11 13:16:04    初始化参数完成
INFO:root:2020-04-11 13:16:15    急停按下，打标机Offline
INFO:root:2020-04-11 13:24:14    读取yml文件成功
INFO:root:2020-04-11 13:24:14    读取数据库成功
INFO:root:2020-04-11 13:24:14    打开PLC串口成功
INFO:root:2020-04-11 13:24:18    连接打标机成功
INFO:root:2020-04-11 13:24:18    初始化参数完成
INFO:root:2020-04-11 13:24:26    急停按下，打标机Offline
INFO:root:2020-04-11 13:25:27    读取yml文件成功
INFO:root:2020-04-11 13:25:27    读取数据库成功
INFO:root:2020-04-11 13:25:27    打开PLC串口成功
INFO:root:2020-04-11 13:25:31    连接打标机成功
INFO:root:2020-04-11 13:25:31    初始化参数完成
INFO:root:2020-04-11 13:25:37    急停按下，打标机Offline
INFO:root:2020-04-11 13:34:50    读取yml文件成功
INFO:root:2020-04-11 13:34:50    读取数据库成功
INFO:root:2020-04-11 13:34:50    打开PLC串口成功
INFO:root:2020-04-11 13:34:53    连接打标机成功
INFO:root:2020-04-11 13:34:53    初始化参数完成
INFO:root:2020-04-11 13:34:59    急停按下，打标机Offline
INFO:root:2020-04-11 13:35:25    取消本次打印
INFO:root:2020-04-11 13:35:29    读取yml文件成功
INFO:root:2020-04-11 13:35:29    读取数据库成功
INFO:root:2020-04-11 13:35:29    打开PLC串口成功
INFO:root:2020-04-11 13:35:31    连接打标机成功
INFO:root:2020-04-11 13:35:31    初始化参数完成
INFO:root:2020-04-11 13:35:36    急停按下，打标机Offline
INFO:root:2020-04-11 13:37:54    读取yml文件成功
INFO:root:2020-04-11 13:37:54    读取数据库成功
INFO:root:2020-04-11 13:37:54    打开PLC串口成功
INFO:root:2020-04-11 13:37:59    连接打标机成功
INFO:root:2020-04-11 13:37:59    初始化参数完成
INFO:root:2020-04-11 13:38:00    急停按下，打标机Offline
INFO:root:2020-04-11 13:50:15    读取yml文件成功
INFO:root:2020-04-11 13:50:15    读取数据库成功
INFO:root:2020-04-11 13:50:15    打开PLC串口成功
INFO:root:2020-04-11 13:50:16    连接打标机成功
INFO:root:2020-04-11 13:50:16    初始化参数完成
INFO:root:2020-04-11 13:50:22    急停按下，打标机Offline
INFO:root:2020-04-11 13:59:10    取消本次打印
INFO:root:2020-04-11 13:59:15    读取yml文件成功
INFO:root:2020-04-11 13:59:15    读取数据库成功
INFO:root:2020-04-11 13:59:15    打开PLC串口成功
INFO:root:2020-04-11 13:59:16    连接打标机成功
INFO:root:2020-04-11 13:59:16    初始化参数完成
INFO:root:2020-04-11 13:59:23    急停按下，打标机Offline
INFO:root:2020-04-11 14:07:48    读取yml文件成功
INFO:root:2020-04-11 14:07:48    读取数据库成功
INFO:root:2020-04-11 14:07:48    打开PLC串口成功
INFO:root:2020-04-11 14:07:52    连接打标机成功
INFO:root:2020-04-11 14:07:52    初始化参数完成
INFO:root:2020-04-11 14:18:06    读取yml文件成功
INFO:root:2020-04-11 14:18:07    读取数据库成功
INFO:root:2020-04-11 14:18:07    打开PLC串口成功
INFO:root:2020-04-11 14:18:07    连接打标机成功
INFO:root:2020-04-11 14:18:07    初始化参数完成
INFO:root:2020-04-11 14:18:56    读取yml文件成功
INFO:root:2020-04-11 14:18:56    读取数据库成功
INFO:root:2020-04-11 14:18:56    打开PLC串口成功
INFO:root:2020-04-11 14:19:01    连接打标机成功
INFO:root:2020-04-11 14:19:01    初始化参数完成
INFO:root:2020-04-11 14:21:22    读取yml文件成功
INFO:root:2020-04-11 14:21:22    读取数据库成功
INFO:root:2020-04-11 14:21:22    打开PLC串口成功
INFO:root:2020-04-11 14:21:25    连接打标机成功
INFO:root:2020-04-11 14:21:25    初始化参数完成
INFO:root:2020-04-11 14:23:04    读取yml文件成功
INFO:root:2020-04-11 14:23:04    读取数据库成功
INFO:root:2020-04-11 14:23:04    打开PLC串口成功
INFO:root:2020-04-11 14:23:05    连接打标机成功
INFO:root:2020-04-11 14:23:05    初始化参数完成
INFO:root:2020-04-11 14:23:18    急停按下，打标机Offline
INFO:root:2020-04-11 14:23:40    读取yml文件成功
INFO:root:2020-04-11 14:23:41    读取数据库成功
INFO:root:2020-04-11 14:23:41    打开PLC串口成功
INFO:root:2020-04-11 14:23:41    连接打标机成功
INFO:root:2020-04-11 14:23:41    初始化参数完成
INFO:root:2020-04-11 14:23:44    急停按下，打标机Offline
INFO:root:2020-04-11 14:24:14    取消本次打印
INFO:root:2020-04-11 15:20:15    读取yml文件成功
INFO:root:2020-04-11 15:20:15    读取数据库成功
INFO:root:2020-04-11 15:20:15    打开PLC串口成功
INFO:root:2020-04-11 15:20:17    连接打标机成功
INFO:root:2020-04-11 15:20:17    初始化参数完成
INFO:root:2020-04-11 15:29:46    读取yml文件成功
INFO:root:2020-04-11 15:29:47    读取数据库成功
INFO:root:2020-04-11 15:29:47    打开PLC串口成功
INFO:root:2020-04-11 15:29:51    连接打标机成功
INFO:root:2020-04-11 15:29:51    初始化参数完成
INFO:root:2020-04-11 15:41:03    读取yml文件成功
INFO:root:2020-04-11 15:41:03    读取数据库成功
INFO:root:2020-04-11 15:41:03    打开PLC串口成功
INFO:root:2020-04-11 15:41:03    连接打标机成功
INFO:root:2020-04-11 15:41:03    初始化参数完成
INFO:root:2020-04-11 15:41:28    读取yml文件成功
INFO:root:2020-04-11 15:41:28    读取数据库成功
INFO:root:2020-04-11 15:41:28    打开PLC串口成功
INFO:root:2020-04-11 15:41:32    连接打标机成功
INFO:root:2020-04-11 15:41:32    初始化参数完成
INFO:root:2020-04-11 15:42:11    读取yml文件成功
INFO:root:2020-04-11 15:42:13    读取数据库成功
INFO:root:2020-04-11 15:42:13    打开PLC串口成功
INFO:root:2020-04-11 15:42:14    连接打标机成功
INFO:root:2020-04-11 15:42:14    初始化参数完成
INFO:root:2020-04-11 15:44:51    读取yml文件成功
INFO:root:2020-04-11 15:44:52    读取数据库成功
INFO:root:2020-04-11 15:44:52    打开PLC串口成功
INFO:root:2020-04-11 15:44:57    连接打标机成功
INFO:root:2020-04-11 15:44:57    初始化参数完成
INFO:root:2020-04-11 16:14:11    读取yml文件成功
INFO:root:2020-04-11 16:14:11    读取数据库成功
INFO:root:2020-04-11 16:14:11    打开PLC串口成功
INFO:root:2020-04-11 16:14:14    连接打标机成功
INFO:root:2020-04-11 16:14:14    初始化参数完成
INFO:root:2020-04-11 16:14:34    [选中模板]:pattern1一汽
INFO:root:2020-04-11 16:41:59    读取yml文件成功
INFO:root:2020-04-11 16:42:00    读取数据库成功
INFO:root:2020-04-11 16:42:00    打开PLC串口成功
INFO:root:2020-04-11 16:42:03    连接打标机成功
INFO:root:2020-04-11 16:42:03    初始化参数完成
INFO:root:2020-04-11 16:42:10    [选中模板]:pattern1一汽
INFO:root:2020-04-11 16:55:51    读取yml文件成功
INFO:root:2020-04-11 16:56:16    读取yml文件成功
INFO:root:2020-04-11 16:56:16    读取数据库成功
INFO:root:2020-04-11 16:56:16    打开PLC串口成功
INFO:root:2020-04-11 16:56:21    连接打标机成功
INFO:root:2020-04-11 16:56:21    初始化参数完成
INFO:root:2020-04-11 16:56:25    [选中模板]:pattern1一汽
INFO:root:2020-04-11 16:59:08    读取yml文件成功
INFO:root:2020-04-11 16:59:08    读取数据库成功
INFO:root:2020-04-11 16:59:08    打开PLC串口成功
INFO:root:2020-04-11 16:59:10    连接打标机成功
INFO:root:2020-04-11 16:59:10    初始化参数完成
INFO:root:2020-04-11 16:59:13    [选中模板]:pattern1一汽
INFO:root:2020-04-11 17:01:06    读取yml文件成功
INFO:root:2020-04-11 17:01:06    读取数据库成功
INFO:root:2020-04-11 17:01:06    打开PLC串口成功
INFO:root:2020-04-11 17:01:11    连接打标机成功
INFO:root:2020-04-11 17:01:11    初始化参数完成
INFO:root:2020-04-11 17:01:13    [选中模板]:pattern1一汽
INFO:root:2020-04-11 17:02:03    读取yml文件成功
INFO:root:2020-04-11 17:02:03    读取数据库成功
INFO:root:2020-04-11 17:02:03    打开PLC串口成功
INFO:root:2020-04-11 17:02:07    连接打标机成功
INFO:root:2020-04-11 17:02:07    初始化参数完成
INFO:root:2020-04-11 17:02:09    [选中模板]:pattern2
INFO:root:2020-04-11 17:03:25    读取yml文件成功
INFO:root:2020-04-11 17:03:25    读取数据库成功
INFO:root:2020-04-11 17:03:25    打开PLC串口成功
INFO:root:2020-04-11 17:03:29    连接打标机成功
INFO:root:2020-04-11 17:03:29    初始化参数完成
INFO:root:2020-04-11 17:03:30    [选中模板]:pattern2
INFO:root:2020-04-11 17:04:47    读取yml文件成功
INFO:root:2020-04-11 17:04:47    读取数据库成功
INFO:root:2020-04-11 17:04:47    打开PLC串口成功
INFO:root:2020-04-11 17:04:48    连接打标机成功
INFO:root:2020-04-11 17:04:48    初始化参数完成
INFO:root:2020-04-11 17:04:51    [选中模板]:pattern1一汽
INFO:root:2020-04-11 17:05:25    读取yml文件成功
INFO:root:2020-04-11 17:05:25    读取数据库成功
INFO:root:2020-04-11 17:05:25    打开PLC串口成功
INFO:root:2020-04-11 17:05:29    连接打标机成功
INFO:root:2020-04-11 17:05:29    初始化参数完成
INFO:root:2020-04-11 17:05:31    [选中模板]:pattern1一汽
INFO:root:2020-04-11 17:11:01    读取yml文件成功
INFO:root:2020-04-11 17:11:01    读取数据库成功
INFO:root:2020-04-11 17:11:01    打开PLC串口成功
INFO:root:2020-04-11 17:11:05    连接打标机成功
INFO:root:2020-04-11 17:11:05    初始化参数完成
INFO:root:2020-04-11 17:11:06    [选中模板]:pattern1一汽
INFO:root:2020-04-11 17:11:27    读取yml文件成功
INFO:root:2020-04-11 17:11:27    读取数据库成功
INFO:root:2020-04-11 17:11:27    打开PLC串口成功
INFO:root:2020-04-11 17:11:31    连接打标机成功
INFO:root:2020-04-11 17:11:31    初始化参数完成
INFO:root:2020-04-11 17:11:32    [选中模板]:pattern2
INFO:root:2020-04-11 17:13:49    读取yml文件成功
INFO:root:2020-04-11 17:13:49    读取数据库成功
INFO:root:2020-04-11 17:13:49    打开PLC串口成功
INFO:root:2020-04-11 17:13:51    连接打标机成功
INFO:root:2020-04-11 17:13:51    初始化参数完成
INFO:root:2020-04-11 17:13:53    [选中模板]:pattern2
INFO:root:2020-04-11 17:14:12    读取yml文件成功
INFO:root:2020-04-11 17:14:12    读取数据库成功
INFO:root:2020-04-11 17:14:12    打开PLC串口成功
INFO:root:2020-04-11 17:14:12    连接打标机成功
INFO:root:2020-04-11 17:14:12    初始化参数完成
INFO:root:2020-04-11 17:14:14    [选中模板]:pattern1一汽
INFO:root:2020-04-11 17:14:23    读取yml文件成功
INFO:root:2020-04-11 17:14:23    读取数据库成功
INFO:root:2020-04-11 17:14:23    打开PLC串口成功
INFO:root:2020-04-11 17:14:25    连接打标机成功
INFO:root:2020-04-11 17:14:25    初始化参数完成
INFO:root:2020-04-11 17:14:27    [选中模板]:pattern2
INFO:root:2020-04-11 17:14:46    读取yml文件成功
INFO:root:2020-04-11 17:14:46    读取数据库成功
INFO:root:2020-04-11 17:14:46    打开PLC串口成功
INFO:root:2020-04-11 17:14:47    连接打标机成功
INFO:root:2020-04-11 17:14:47    初始化参数完成
INFO:root:2020-04-11 17:14:48    [选中模板]:pattern2
INFO:root:2020-04-11 17:30:41    读取yml文件成功
INFO:root:2020-04-11 17:30:41    读取数据库成功
INFO:root:2020-04-11 17:30:41    打开PLC串口成功
INFO:root:2020-04-11 17:30:43    连接打标机成功
INFO:root:2020-04-11 17:30:43    初始化参数完成
INFO:root:2020-04-11 17:30:45    [选中模板]:pattern2
INFO:root:2020-04-11 17:32:21    [选中模板]:pattern1一汽
INFO:root:2020-04-11 17:32:59    读取yml文件成功
INFO:root:2020-04-11 17:32:59    读取数据库成功
INFO:root:2020-04-11 17:32:59    打开PLC串口成功
INFO:root:2020-04-11 17:33:02    连接打标机成功
INFO:root:2020-04-11 17:33:02    初始化参数完成
INFO:root:2020-04-11 17:33:04    [选中模板]:pattern1一汽
INFO:root:2020-04-11 17:35:13    读取yml文件成功
INFO:root:2020-04-11 17:35:13    读取数据库成功
INFO:root:2020-04-11 17:35:13    打开PLC串口成功
INFO:root:2020-04-11 17:35:15    连接打标机成功
INFO:root:2020-04-11 17:35:15    初始化参数完成
INFO:root:2020-04-11 17:35:18    [选中模板]:pattern1一汽
INFO:root:2020-04-11 17:37:59    读取yml文件成功
INFO:root:2020-04-11 17:37:59    读取数据库成功
INFO:root:2020-04-11 17:37:59    打开PLC串口成功
INFO:root:2020-04-11 17:38:03    连接打标机成功
INFO:root:2020-04-11 17:38:03    初始化参数完成
INFO:root:2020-04-11 17:38:07    [选中模板]:pattern1一汽
INFO:root:2020-04-11 17:40:52    读取yml文件成功
INFO:root:2020-04-11 17:40:52    读取数据库成功
INFO:root:2020-04-11 17:40:52    打开PLC串口成功
INFO:root:2020-04-11 17:40:54    连接打标机成功
INFO:root:2020-04-11 17:40:54    初始化参数完成
INFO:root:2020-04-11 17:40:59    [选中模板]:pattern1一汽
INFO:root:2020-04-11 17:42:21    读取yml文件成功
INFO:root:2020-04-11 17:42:21    读取数据库成功
INFO:root:2020-04-11 17:42:21    打开PLC串口成功
INFO:root:2020-04-11 17:42:23    连接打标机成功
INFO:root:2020-04-11 17:42:23    初始化参数完成
INFO:root:2020-04-11 17:42:25    [选中模板]:pattern1一汽
INFO:root:2020-04-11 17:42:54    读取yml文件成功
INFO:root:2020-04-11 17:42:54    读取数据库成功
INFO:root:2020-04-11 17:42:54    打开PLC串口成功
INFO:root:2020-04-11 17:42:55    连接打标机成功
INFO:root:2020-04-11 17:42:55    初始化参数完成
INFO:root:2020-04-11 17:42:57    [选中模板]:pattern1一汽
INFO:root:2020-04-11 17:44:24    读取yml文件成功
INFO:root:2020-04-11 17:44:24    读取数据库成功
INFO:root:2020-04-11 17:44:24    打开PLC串口成功
INFO:root:2020-04-11 17:44:26    连接打标机成功
INFO:root:2020-04-11 17:44:26    初始化参数完成
INFO:root:2020-04-11 17:44:29    [选中模板]:pattern1一汽
INFO:root:2020-04-11 17:44:52    读取yml文件成功
INFO:root:2020-04-11 17:44:52    读取数据库成功
INFO:root:2020-04-11 17:44:52    打开PLC串口成功
INFO:root:2020-04-11 17:44:52    连接打标机成功
INFO:root:2020-04-11 17:44:52    初始化参数完成
INFO:root:2020-04-11 17:44:54    [选中模板]:pattern1一汽
INFO:root:2020-04-11 17:45:15    读取yml文件成功
INFO:root:2020-04-11 17:45:15    读取数据库成功
INFO:root:2020-04-11 17:45:15    打开PLC串口成功
INFO:root:2020-04-11 17:45:17    连接打标机成功
INFO:root:2020-04-11 17:45:17    初始化参数完成
INFO:root:2020-04-11 17:45:19    [选中模板]:pattern1一汽
INFO:root:2020-04-11 17:45:48    读取yml文件成功
INFO:root:2020-04-11 17:45:48    读取数据库成功
INFO:root:2020-04-11 17:45:48    打开PLC串口成功
INFO:root:2020-04-11 17:45:48    连接打标机成功
INFO:root:2020-04-11 17:45:48    初始化参数完成
INFO:root:2020-04-11 17:46:02    [选中模板]:pattern1一汽
INFO:root:2020-04-11 17:48:06    读取yml文件成功
INFO:root:2020-04-11 17:48:07    读取数据库成功
INFO:root:2020-04-11 17:48:07    打开PLC串口成功
INFO:root:2020-04-11 17:48:10    连接打标机成功
INFO:root:2020-04-11 17:48:10    初始化参数完成
INFO:root:2020-04-11 17:48:16    [选中模板]:pattern1一汽
INFO:root:2020-04-11 17:50:59    读取yml文件成功
INFO:root:2020-04-11 17:51:00    读取数据库成功
INFO:root:2020-04-11 17:51:00    打开PLC串口成功
INFO:root:2020-04-11 17:51:00    连接打标机成功
INFO:root:2020-04-11 17:51:00    初始化参数完成
INFO:root:2020-04-11 17:51:02    [选中模板]:pattern1一汽
